[0mCompiling "target/cljsbuild/public/js/app.js" from ["src/cljs" "src/cljc" "env/dev/cljs"]...[0m
[32mSuccessfully compiled "target/cljsbuild/public/js/app.js" in 3.419 seconds.[0m
[0mCompiling "target/cljsbuild/public/js/app.js" from ["src/cljs" "src/cljc" "env/dev/cljs"]...[0m
[32mSuccessfully compiled "target/cljsbuild/public/js/app.js" in 4.421 seconds.[0m
notifying browser that file changed:  target/cljsbuild/public/js/out/goog/deps.js
notifying browser that file changed:  target/cljsbuild/public/js/out/cljs_deps.js
notifying browser that file changed:  out/forum/core.js
notifying browser that file changed:  out/forum/component.js
[0mCompiling "target/cljsbuild/public/js/app.js" from ["src/cljs" "src/cljc" "env/dev/cljs"]...[0m
[32mSuccessfully compiled "target/cljsbuild/public/js/app.js" in 1.663 seconds.[0m
notifying browser that file changed:  out/forum/component.js
[0mCompiling "target/cljsbuild/public/js/app.js" from ["src/cljs" "src/cljc" "env/dev/cljs"]...[0m
[31mFailed to compile "target/cljsbuild/public/js/app.js" in 3.168 seconds.[0m
[36m----  Could not Analyze  src/cljs/forum/component.cljs  ----[0m

  [1mInvalid :refer, var forum.ajax/POST does not exist [0m

[36m----  Analysis Error : Please see src/cljs/forum/component.cljs  ----[0m
Notifyng browser that CSS file changed: resources/public/css/screen.css
[0mCompiling "target/cljsbuild/public/js/app.js" from ["src/cljs" "src/cljc" "env/dev/cljs"]...[0m
[31mFailed to compile "target/cljsbuild/public/js/app.js" in 2.364 seconds.[0m
[36m----  Could not Analyze  src/cljs/forum/component.cljs  ----[0m

  [1mInvalid :refer, var forum.ajax/POST does not exist [0m

[36m----  Analysis Error : Please see src/cljs/forum/component.cljs  ----[0m
[0mCompiling "target/cljsbuild/public/js/app.js" from ["src/cljs" "src/cljc" "env/dev/cljs"]...[0m
[36m----  Compiler Warning on   src/cljs/forum/component.cljs   line:57  column:15  ----[0m

  [1mNo such namespace: session, could not locate session.cljs, session.cljc, or Closure namespace ""[0m

  [36m55[0m  [36m(defn new-comment[0m
  [36m56[0m  [36m  [][0m
  [33m57[0m  [1m  (let [user (session/get :user)])[0m
  [0m  [0m  [33m              ^--- No such namespace: session, could not locate session.cljs, session.cljc, or Closure namespace ""[0m
  [36m58[0m  [36m  [:div[0m
  [36m59[0m  [36m   [:h3 "new reply"][0m
  [36m60[0m  [36m   [:div.form-group[0m
  [36m61[0m  [36m    [:textarea#comment.form-control {:rows 10}]][0m
  [36m62[0m  [36m   [:div.form-group[0m

[36m----  Compiler Warning : Please see src/cljs/forum/component.cljs  ----[0m
[36m----  Compiler Warning on   src/cljs/forum/component.cljs   line:57  column:15  ----[0m

  [1mUse of undeclared Var session/get[0m

  [36m55[0m  [36m(defn new-comment[0m
  [36m56[0m  [36m  [][0m
  [33m57[0m  [1m  (let [user (session/get :user)])[0m
  [0m  [0m  [33m              ^--- Use of undeclared Var session/get[0m
  [36m58[0m  [36m  [:div[0m
  [36m59[0m  [36m   [:h3 "new reply"][0m
  [36m60[0m  [36m   [:div.form-group[0m
  [36m61[0m  [36m    [:textarea#comment.form-control {:rows 10}]][0m
  [36m62[0m  [36m   [:div.form-group[0m

[36m----  Compiler Warning : Please see src/cljs/forum/component.cljs  ----[0m
[36m----  Compiler Warning on   src/cljs/forum/component.cljs   line:65  column:51  ----[0m

  [1mUse of undeclared Var forum.component/id[0m

  [36m61[0m  [36m [:textarea#comment.form-control {:rows 10}]][0m
  [36m62[0m  [36m[:div.form-group[0m
  [36m63[0m  [36m [:button {:on-click (fn [][0m
  [36m64[0m  [36m                       (dispatch [:new-comment ])[0m
  [33m65[0m  [1m                       (POST (str "/aip/post/" id "/comment/new")[0m
  [0m  [0m  [33m                                               ^--- Use of undeclared Var forum.component/id[0m
  [36m66[0m  [36m                             {:user_id (:_id user )[0m
  [36m67[0m  [36m                              :comment (get-value "comment") }[0m
  [36m68[0m  [36m                             {:handler #(dispatch [:new-comment-success]) }))}[0m
  [36m69[0m  [36m  "submit"]]])[0m

[36m----  Compiler Warning : Please see src/cljs/forum/component.cljs  ----[0m
[36m----  Compiler Warning on   src/cljs/forum/component.cljs   line:66  column:49  ----[0m

  [1mUse of undeclared Var forum.component/user[0m

  [36m62[0m  [36m   [:div.form-group[0m
  [36m63[0m  [36m    [:button {:on-click (fn [][0m
  [36m64[0m  [36m                          (dispatch [:new-comment ])[0m
  [36m65[0m  [36m                          (POST (str "/aip/post/" id "/comment/new")[0m
  [33m66[0m  [1m                                {:user_id (:_id user )[0m
  [0m  [0m  [33m                                                ^--- Use of undeclared Var forum.component/user[0m
  [36m67[0m  [36m                                 :comment (get-value "comment") }[0m
  [36m68[0m  [36m                                {:handler #(dispatch [:new-comment-success]) }))}[0m
  [36m69[0m  [36m     "submit"]]])[0m
  [36m70[0m  [36m[0m
  [36m71[0m  [36m(defn- post-block[0m

[36m----  Compiler Warning : Please see src/cljs/forum/component.cljs  ----[0m
[31mFailed to compile "target/cljsbuild/public/js/app.js" in 7.334 seconds.[0m
[36m----  Could not Read  src/cljs/forum/core.cljs   line:55  column:44  ----[0m

  [1mNested #()s are not allowed[0m

  [36m53[0m  [36m [:div (:value @value)][0m
  [36m54[0m  [36m [:button {:on-click #(GET "/api/test"[0m
  [33m55[0m  [1m                           {:handler #(reset! value %)})}]][0m
  [0m  [0m  [33m                                       ^--- Nested #()s are not allowed[0m
  [36m56[0m  [36m[:div.col-md-12[0m
  [36m57[0m  [36m "this is the story of forum... work in progress"]]])[0m

[36m----  Reader Error : Please see src/cljs/forum/core.cljs  ----[0m
[0mCompiling "target/cljsbuild/public/js/app.js" from ["src/cljs" "src/cljc" "env/dev/cljs"]...[0m
[36m----  Compiler Warning on   src/cljs/forum/core.cljs   line:51  column:24  ----[0m

  [1mUse of undeclared Var forum.core/value[0m

  [36m47[0m  [36m                       (POST "/api/test" {:params {:value v}}[0m
  [36m48[0m  [36m                             )) } "test!"][0m
  [36m49[0m  [36m[:div[0m
  [36m50[0m  [36m [:h2 "id"][0m
  [33m51[0m  [1m [:div (str (:_id @value))][0m
  [0m  [0m  [33m                   ^--- Use of undeclared Var forum.core/value[0m
  [36m52[0m  [36m [:h2 "value"][0m
  [36m53[0m  [36m [:div (:value @value)][0m
  [36m54[0m  [36m [:button {:on-click (fn [] (GET "/api/test"[0m
  [36m55[0m  [36m                                {:handler #(reset! value %)}))}]][0m
  [36m56[0m  [36m[:div.col-md-12[0m

[36m----  Compiler Warning : Please see src/cljs/forum/core.cljs  ----[0m
[36m----  Compiler Warning on   src/cljs/forum/core.cljs   line:53  column:21  ----[0m

  [1mUse of undeclared Var forum.core/value[0m

  [36m49[0m  [36m[:div[0m
  [36m50[0m  [36m [:h2 "id"][0m
  [36m51[0m  [36m [:div (str (:_id @value))][0m
  [36m52[0m  [36m [:h2 "value"][0m
  [33m53[0m  [1m [:div (:value @value)][0m
  [0m  [0m  [33m                ^--- Use of undeclared Var forum.core/value[0m
  [36m54[0m  [36m [:button {:on-click (fn [] (GET "/api/test"[0m
  [36m55[0m  [36m                                {:handler #(reset! value %)}))}]][0m
  [36m56[0m  [36m[:div.col-md-12[0m
  [36m57[0m  [36m "this is the story of forum... work in progress"]]])[0m

[36m----  Compiler Warning : Please see src/cljs/forum/core.cljs  ----[0m
[36m----  Compiler Warning on   src/cljs/forum/core.cljs   line:55  column:56  ----[0m

  [1mUse of undeclared Var forum.core/value[0m

  [36m51[0m  [36m     [:div (str (:_id @value))][0m
  [36m52[0m  [36m     [:h2 "value"][0m
  [36m53[0m  [36m     [:div (:value @value)][0m
  [36m54[0m  [36m     [:button {:on-click (fn [] (GET "/api/test"[0m
  [33m55[0m  [1m                                    {:handler #(reset! value %)}))}]][0m
  [0m  [0m  [33m                                                       ^--- Use of undeclared Var forum.core/value[0m
  [36m56[0m  [36m    [:div.col-md-12[0m
  [36m57[0m  [36m     "this is the story of forum... work in progress"]]])[0m
  [36m58[0m  [36m[0m
  [36m59[0m  [36m(defn home-page [][0m
  [36m60[0m  [36m  [:div.container[0m

[36m----  Compiler Warning : Please see src/cljs/forum/core.cljs  ----[0m
[32mSuccessfully compiled "target/cljsbuild/public/js/app.js" in 5.228 seconds.[0m
notifying browser that file changed:  target/cljsbuild/public/js/out/cljs_deps.js
notifying browser that file changed:  out/forum/core.js
[0mCompiling "target/cljsbuild/public/js/app.js" from ["src/cljs" "src/cljc" "env/dev/cljs"]...[0m
[36m----  Compiler Warning on   src/cljs/forum/core.cljs   line:51  column:24  ----[0m

  [1mUse of undeclared Var forum.core/value[0m

  [36m47[0m  [36m                       (POST "/api/test" {:params {:value v}}[0m
  [36m48[0m  [36m                             )) } "test!"][0m
  [36m49[0m  [36m[:div[0m
  [36m50[0m  [36m [:h2 "id"][0m
  [33m51[0m  [1m [:div (str (:_id @value))][0m
  [0m  [0m  [33m                   ^--- Use of undeclared Var forum.core/value[0m
  [36m52[0m  [36m [:h2 "value"][0m
  [36m53[0m  [36m [:div (:value @value)][0m
  [36m54[0m  [36m [:button {:on-click (fn [] (GET "/api/test"[0m
  [36m55[0m  [36m                                {:handler #(reset! value %)}))}]][0m
  [36m56[0m  [36m[:div.col-md-12[0m

[36m----  Compiler Warning : Please see src/cljs/forum/core.cljs  ----[0m
[36m----  Compiler Warning on   src/cljs/forum/core.cljs   line:53  column:21  ----[0m

  [1mUse of undeclared Var forum.core/value[0m

  [36m49[0m  [36m[:div[0m
  [36m50[0m  [36m [:h2 "id"][0m
  [36m51[0m  [36m [:div (str (:_id @value))][0m
  [36m52[0m  [36m [:h2 "value"][0m
  [33m53[0m  [1m [:div (:value @value)][0m
  [0m  [0m  [33m                ^--- Use of undeclared Var forum.core/value[0m
  [36m54[0m  [36m [:button {:on-click (fn [] (GET "/api/test"[0m
  [36m55[0m  [36m                                {:handler #(reset! value %)}))}]][0m
  [36m56[0m  [36m[:div.col-md-12[0m
  [36m57[0m  [36m "this is the story of forum... work in progress"]]])[0m

[36m----  Compiler Warning : Please see src/cljs/forum/core.cljs  ----[0m
[36m----  Compiler Warning on   src/cljs/forum/core.cljs   line:55  column:56  ----[0m

  [1mUse of undeclared Var forum.core/value[0m

  [36m51[0m  [36m     [:div (str (:_id @value))][0m
  [36m52[0m  [36m     [:h2 "value"][0m
  [36m53[0m  [36m     [:div (:value @value)][0m
  [36m54[0m  [36m     [:button {:on-click (fn [] (GET "/api/test"[0m
  [33m55[0m  [1m                                    {:handler #(reset! value %)}))}]][0m
  [0m  [0m  [33m                                                       ^--- Use of undeclared Var forum.core/value[0m
  [36m56[0m  [36m    [:div.col-md-12[0m
  [36m57[0m  [36m     "this is the story of forum... work in progress"]]])[0m
  [36m58[0m  [36m[0m
  [36m59[0m  [36m(defn home-page [][0m
  [36m60[0m  [36m  [:div.container[0m

[36m----  Compiler Warning : Please see src/cljs/forum/core.cljs  ----[0m
[32mSuccessfully compiled "target/cljsbuild/public/js/app.js" in 1.46 seconds.[0m
notifying browser that file changed:  out/forum/core.js
[0mCompiling "target/cljsbuild/public/js/app.js" from ["src/cljs" "src/cljc" "env/dev/cljs"]...[0m
[32mSuccessfully compiled "target/cljsbuild/public/js/app.js" in 1.232 seconds.[0m
notifying browser that file changed:  out/forum/core.js
[0mCompiling "target/cljsbuild/public/js/app.js" from ["src/cljs" "src/cljc" "env/dev/cljs"]...[0m
[32mSuccessfully compiled "target/cljsbuild/public/js/app.js" in 0.798 seconds.[0m
notifying browser that file changed:  out/forum/core.js
[0mCompiling "target/cljsbuild/public/js/app.js" from ["src/cljs" "src/cljc" "env/dev/cljs"]...[0m
[32mSuccessfully compiled "target/cljsbuild/public/js/app.js" in 0.829 seconds.[0m
notifying browser that file changed:  out/forum/core.js
[0mCompiling "target/cljsbuild/public/js/app.js" from ["src/cljs" "src/cljc" "env/dev/cljs"]...[0m
[32mSuccessfully compiled "target/cljsbuild/public/js/app.js" in 1.332 seconds.[0m
notifying browser that file changed:  out/forum/core.js
[0mCompiling "target/cljsbuild/public/js/app.js" from ["src/cljs" "src/cljc" "env/dev/cljs"]...[0m
[32mSuccessfully compiled "target/cljsbuild/public/js/app.js" in 0.909 seconds.[0m
notifying browser that file changed:  out/forum/core.js
[0mCompiling "target/cljsbuild/public/js/app.js" from ["src/cljs" "src/cljc" "env/dev/cljs"]...[0m
[32mSuccessfully compiled "target/cljsbuild/public/js/app.js" in 0.987 seconds.[0m
notifying browser that file changed:  out/forum/core.js
[0mCompiling "target/cljsbuild/public/js/app.js" from ["src/cljs" "src/cljc" "env/dev/cljs"]...[0m
[32mSuccessfully compiled "target/cljsbuild/public/js/app.js" in 1.38 seconds.[0m
notifying browser that file changed:  out/forum/core.js
[0mCompiling "target/cljsbuild/public/js/app.js" from ["src/cljs" "src/cljc" "env/dev/cljs"]...[0m
[32mSuccessfully compiled "target/cljsbuild/public/js/app.js" in 0.97 seconds.[0m
notifying browser that file changed:  out/forum/core.js
[0mCompiling "target/cljsbuild/public/js/app.js" from ["src/cljs" "src/cljc" "env/dev/cljs"]...[0m
[31mFailed to compile "target/cljsbuild/public/js/app.js" in 0.815 seconds.[0m
[36m----  Could not Read  src/cljs/forum/core.cljs   line:50  column:63  ----[0m

  [1mNested #()s are not allowed[0m

  [36m48[0m  [36m                       (print v)[0m
  [36m49[0m  [36m                       (POST "/api/minus" {:params {:x  10 :y 4}[0m
  [33m50[0m  [1m                                           :handler #(print %)}[0m
  [0m  [0m  [33m                                                      ^--- Nested #()s are not allowed[0m
  [36m51[0m  [36m                             )) } "test!"][0m
  [36m52[0m  [36m[:div[0m
  [36m53[0m  [36m [:div (str @value)][0m

[36m----  Reader Error : Please see src/cljs/forum/core.cljs  ----[0m
[0mCompiling "target/cljsbuild/public/js/app.js" from ["src/cljs" "src/cljc" "env/dev/cljs"]...[0m
[32mSuccessfully compiled "target/cljsbuild/public/js/app.js" in 1.011 seconds.[0m
notifying browser that file changed:  out/forum/core.js
[0mCompiling "target/cljsbuild/public/js/app.js" from ["src/cljs" "src/cljc" "env/dev/cljs"]...[0m
[32mSuccessfully compiled "target/cljsbuild/public/js/app.js" in 0.921 seconds.[0m
notifying browser that file changed:  out/forum/core.js
[0mCompiling "target/cljsbuild/public/js/app.js" from ["src/cljs" "src/cljc" "env/dev/cljs"]...[0m
[32mSuccessfully compiled "target/cljsbuild/public/js/app.js" in 2.049 seconds.[0m
notifying browser that file changed:  out/forum/core.js
[0mCompiling "target/cljsbuild/public/js/app.js" from ["src/cljs" "src/cljc" "env/dev/cljs"]...[0m
[32mSuccessfully compiled "target/cljsbuild/public/js/app.js" in 19.217 seconds.[0m
notifying browser that file changed:  out/forum/handlers.js
notifying browser that file changed:  out/forum/subscriptions.js
notifying browser that file changed:  out/forum/db.js
[0mCompiling "target/cljsbuild/public/js/app.js" from ["src/cljs" "src/cljc" "env/dev/cljs"]...[0m
[32mSuccessfully compiled "target/cljsbuild/public/js/app.js" in 12.513 seconds.[0m
notifying browser that file changed:  target/cljsbuild/public/js/out/goog/deps.js
notifying browser that file changed:  target/cljsbuild/public/js/out/cljs_deps.js
notifying browser that file changed:  out/forum/handlers.js
notifying browser that file changed:  out/forum/component.js
notifying browser that file changed:  out/forum/db.js
[0mCompiling "target/cljsbuild/public/js/app.js" from ["src/cljs" "src/cljc" "env/dev/cljs"]...[0m
[32mSuccessfully compiled "target/cljsbuild/public/js/app.js" in 1.805 seconds.[0m
notifying browser that file changed:  out/forum/handlers.js
notifying browser that file changed:  out/forum/component.js
[0mCompiling "target/cljsbuild/public/js/app.js" from ["src/cljs" "src/cljc" "env/dev/cljs"]...[0m
[32mSuccessfully compiled "target/cljsbuild/public/js/app.js" in 1.235 seconds.[0m
notifying browser that file changed:  out/forum/core.js
[0mCompiling "target/cljsbuild/public/js/app.js" from ["src/cljs" "src/cljc" "env/dev/cljs"]...[0m
[32mSuccessfully compiled "target/cljsbuild/public/js/app.js" in 1.224 seconds.[0m
notifying browser that file changed:  out/forum/core.js
[0mCompiling "target/cljsbuild/public/js/app.js" from ["src/cljs" "src/cljc" "env/dev/cljs"]...[0m
[32mSuccessfully compiled "target/cljsbuild/public/js/app.js" in 1.431 seconds.[0m
notifying browser that file changed:  out/forum/handlers.js
[0mCompiling "target/cljsbuild/public/js/app.js" from ["src/cljs" "src/cljc" "env/dev/cljs"]...[0m
[32mSuccessfully compiled "target/cljsbuild/public/js/app.js" in 1.275 seconds.[0m
notifying browser that file changed:  out/forum/component.js
[0mCompiling "target/cljsbuild/public/js/app.js" from ["src/cljs" "src/cljc" "env/dev/cljs"]...[0m
[32mSuccessfully compiled "target/cljsbuild/public/js/app.js" in 1.085 seconds.[0m
notifying browser that file changed:  out/forum/component.js
[0mCompiling "target/cljsbuild/public/js/app.js" from ["src/cljs" "src/cljc" "env/dev/cljs"]...[0m
[32mSuccessfully compiled "target/cljsbuild/public/js/app.js" in 1.24 seconds.[0m
notifying browser that file changed:  out/forum/component.js
[0mCompiling "target/cljsbuild/public/js/app.js" from ["src/cljs" "src/cljc" "env/dev/cljs"]...[0m
[32mSuccessfully compiled "target/cljsbuild/public/js/app.js" in 0.978 seconds.[0m
notifying browser that file changed:  out/forum/component.js
[0mCompiling "target/cljsbuild/public/js/app.js" from ["src/cljs" "src/cljc" "env/dev/cljs"]...[0m
[32mSuccessfully compiled "target/cljsbuild/public/js/app.js" in 0.947 seconds.[0m
notifying browser that file changed:  out/forum/component.js
[0mCompiling "target/cljsbuild/public/js/app.js" from ["src/cljs" "src/cljc" "env/dev/cljs"]...[0m
[32mSuccessfully compiled "target/cljsbuild/public/js/app.js" in 0.924 seconds.[0m
notifying browser that file changed:  out/forum/component.js
[0mCompiling "target/cljsbuild/public/js/app.js" from ["src/cljs" "src/cljc" "env/dev/cljs"]...[0m
[32mSuccessfully compiled "target/cljsbuild/public/js/app.js" in 2.108 seconds.[0m
notifying browser that file changed:  target/cljsbuild/public/js/out/goog/deps.js
notifying browser that file changed:  target/cljsbuild/public/js/out/cljs_deps.js
notifying browser that file changed:  out/forum/component.js
[0mCompiling "target/cljsbuild/public/js/app.js" from ["src/cljs" "src/cljc" "env/dev/cljs"]...[0m
[32mSuccessfully compiled "target/cljsbuild/public/js/app.js" in 2.135 seconds.[0m
notifying browser that file changed:  out/forum/component.js
[0mCompiling "target/cljsbuild/public/js/app.js" from ["src/cljs" "src/cljc" "env/dev/cljs"]...[0m
[32mSuccessfully compiled "target/cljsbuild/public/js/app.js" in 1.791 seconds.[0m
notifying browser that file changed:  out/forum/component.js
[0mCompiling "target/cljsbuild/public/js/app.js" from ["src/cljs" "src/cljc" "env/dev/cljs"]...[0m
[32mSuccessfully compiled "target/cljsbuild/public/js/app.js" in 1.483 seconds.[0m
notifying browser that file changed:  out/forum/component.js
[0mCompiling "target/cljsbuild/public/js/app.js" from ["src/cljs" "src/cljc" "env/dev/cljs"]...[0m
[32mSuccessfully compiled "target/cljsbuild/public/js/app.js" in 6.5 seconds.[0m
notifying browser that file changed:  out/forum/component.js
[0mCompiling "target/cljsbuild/public/js/app.js" from ["src/cljs" "src/cljc" "env/dev/cljs"]...[0m
[32mSuccessfully compiled "target/cljsbuild/public/js/app.js" in 2.834 seconds.[0m
notifying browser that file changed:  out/forum/subscriptions.js
[0mCompiling "target/cljsbuild/public/js/app.js" from ["src/cljs" "src/cljc" "env/dev/cljs"]...[0m
[32mSuccessfully compiled "target/cljsbuild/public/js/app.js" in 1.314 seconds.[0m
notifying browser that file changed:  out/forum/component.js
[0mCompiling "target/cljsbuild/public/js/app.js" from ["src/cljs" "src/cljc" "env/dev/cljs"]...[0m
[32mSuccessfully compiled "target/cljsbuild/public/js/app.js" in 1.208 seconds.[0m
notifying browser that file changed:  out/forum/component.js
[0mCompiling "target/cljsbuild/public/js/app.js" from ["src/cljs" "src/cljc" "env/dev/cljs"]...[0m
[32mSuccessfully compiled "target/cljsbuild/public/js/app.js" in 1.055 seconds.[0m
notifying browser that file changed:  out/forum/component.js
[0mCompiling "target/cljsbuild/public/js/app.js" from ["src/cljs" "src/cljc" "env/dev/cljs"]...[0m
[32mSuccessfully compiled "target/cljsbuild/public/js/app.js" in 1.006 seconds.[0m
notifying browser that file changed:  out/forum/component.js
[0mCompiling "target/cljsbuild/public/js/app.js" from ["src/cljs" "src/cljc" "env/dev/cljs"]...[0m
[32mSuccessfully compiled "target/cljsbuild/public/js/app.js" in 1.23 seconds.[0m
notifying browser that file changed:  out/forum/component.js
Notifyng browser that CSS file changed: resources/public/css/screen.css
[0mCompiling "target/cljsbuild/public/js/app.js" from ["src/cljs" "src/cljc" "env/dev/cljs"]...[0m
[32mSuccessfully compiled "target/cljsbuild/public/js/app.js" in 1.313 seconds.[0m
notifying browser that file changed:  out/forum/component.js
[0mCompiling "target/cljsbuild/public/js/app.js" from ["src/cljs" "src/cljc" "env/dev/cljs"]...[0m
[32mSuccessfully compiled "target/cljsbuild/public/js/app.js" in 0.985 seconds.[0m
notifying browser that file changed:  out/forum/component.js
[0mCompiling "target/cljsbuild/public/js/app.js" from ["src/cljs" "src/cljc" "env/dev/cljs"]...[0m
[32mSuccessfully compiled "target/cljsbuild/public/js/app.js" in 1.204 seconds.[0m
notifying browser that file changed:  out/forum/core.js
[0mCompiling "target/cljsbuild/public/js/app.js" from ["src/cljs" "src/cljc" "env/dev/cljs"]...[0m
[32mSuccessfully compiled "target/cljsbuild/public/js/app.js" in 0.961 seconds.[0m
notifying browser that file changed:  out/forum/handlers.js
[0mCompiling "target/cljsbuild/public/js/app.js" from ["src/cljs" "src/cljc" "env/dev/cljs"]...[0m
[31mFailed to compile "target/cljsbuild/public/js/app.js" in 1.442 seconds.[0m
[36m----  Could not Analyze  src/cljs/forum/component.cljs   line:140  column:11  ----[0m

  [1mToo many arguments to if at line 140 /Users/dumeng/projects/clojure/forum/src/cljs/forum/component.cljs[0m

  [36m138[0m  [36m "New post..."][0m
  [36m139[0m  [36m[wrap-toggle indicator (= @fetching true)][0m
  [33m140[0m  [1m(if empty? @posts[0m
  [0m   [0m  [33m^--- Too many arguments to if at line 140 /Users/dumeng/projects/clojure/forum/src/cljs/forum/component.cljs[0m
  [36m141[0m  [36m    [:h3 (str "No posts in " section " section")][0m
  [36m142[0m  [36m    (map (fn [post] [list-item post]) @posts))])])))[0m

[36m----  Analysis Error : Please see src/cljs/forum/component.cljs  ----[0m
[0mCompiling "target/cljsbuild/public/js/app.js" from ["src/cljs" "src/cljc" "env/dev/cljs"]...[0m
[31mFailed to compile "target/cljsbuild/public/js/app.js" in 0.79 seconds.[0m
[36m----  Could not Analyze  src/cljs/forum/component.cljs   line:140  column:11  ----[0m

  [1mToo many arguments to if at line 140 /Users/dumeng/projects/clojure/forum/src/cljs/forum/component.cljs[0m

  [36m138[0m  [36m "New post..."][0m
  [36m139[0m  [36m[wrap-toggle indicator (= @fetching true)][0m
  [33m140[0m  [1m(if empty? @posts[0m
  [0m   [0m  [33m^--- Too many arguments to if at line 140 /Users/dumeng/projects/clojure/forum/src/cljs/forum/component.cljs[0m
  [36m141[0m  [36m    [:h3 (str "No posts in " section " section")][0m
  [36m142[0m  [36m    (map (fn [post] [list-item post]) @posts))])])))[0m

[36m----  Analysis Error : Please see src/cljs/forum/component.cljs  ----[0m
[0mCompiling "target/cljsbuild/public/js/app.js" from ["src/cljs" "src/cljc" "env/dev/cljs"]...[0m
[32mSuccessfully compiled "target/cljsbuild/public/js/app.js" in 1.383 seconds.[0m
notifying browser that file changed:  out/forum/component.js
[0mCompiling "target/cljsbuild/public/js/app.js" from ["src/cljs" "src/cljc" "env/dev/cljs"]...[0m
[32mSuccessfully compiled "target/cljsbuild/public/js/app.js" in 1.153 seconds.[0m
notifying browser that file changed:  out/forum/component.js
[0mCompiling "target/cljsbuild/public/js/app.js" from ["src/cljs" "src/cljc" "env/dev/cljs"]...[0m
[31mFailed to compile "target/cljsbuild/public/js/app.js" in 0.687 seconds.[0m
[36m----  Could not Analyze  src/cljs/forum/subscriptions.cljs   line:55  column:2  ----[0m

  [1mUnsupported binding form: (-> db :fetch-posts-in-section section)[0m

  [36m53[0m  [36m(reg-sub[0m
  [36m54[0m  [36m :fetching-posts-in-section[0m
  [33m55[0m  [1m (fn [db [_ section][0m
  [0m  [0m  [33m ^--- Unsupported binding form: (-> db :fetch-posts-in-section section)[0m
  [36m56[0m  [36m     (-> db :fetch-posts-in-section section)]))[0m

[36m----  Analysis Error : Please see src/cljs/forum/subscriptions.cljs  ----[0m
Figwheel: Can't open  ("src/cljs/forum/subscriptions.cljs" 55 2) No :open-file-command supplied in the config.
[0mCompiling "target/cljsbuild/public/js/app.js" from ["src/cljs" "src/cljc" "env/dev/cljs"]...[0m
[32mSuccessfully compiled "target/cljsbuild/public/js/app.js" in 0.721 seconds.[0m
notifying browser that file changed:  out/forum/subscriptions.js
[0mCompiling "target/cljsbuild/public/js/app.js" from ["src/cljs" "src/cljc" "env/dev/cljs"]...[0m
[32mSuccessfully compiled "target/cljsbuild/public/js/app.js" in 0.825 seconds.[0m
notifying browser that file changed:  out/forum/component.js
[0mCompiling "target/cljsbuild/public/js/app.js" from ["src/cljs" "src/cljc" "env/dev/cljs"]...[0m
[32mSuccessfully compiled "target/cljsbuild/public/js/app.js" in 1.551 seconds.[0m
notifying browser that file changed:  out/forum/handlers.js
notifying browser that file changed:  out/forum/db.js
[0mCompiling "target/cljsbuild/public/js/app.js" from ["src/cljs" "src/cljc" "env/dev/cljs"]...[0m
[32mSuccessfully compiled "target/cljsbuild/public/js/app.js" in 0.904 seconds.[0m
notifying browser that file changed:  out/forum/core.js
[0mCompiling "target/cljsbuild/public/js/app.js" from ["src/cljs" "src/cljc" "env/dev/cljs"]...[0m
[32mSuccessfully compiled "target/cljsbuild/public/js/app.js" in 0.909 seconds.[0m
notifying browser that file changed:  out/forum/component.js
notifying browser that file changed:  out/forum/subscriptions.js
[0mCompiling "target/cljsbuild/public/js/app.js" from ["src/cljs" "src/cljc" "env/dev/cljs"]...[0m
[32mSuccessfully compiled "target/cljsbuild/public/js/app.js" in 1.099 seconds.[0m
notifying browser that file changed:  out/forum/handlers.js
notifying browser that file changed:  out/forum/db.js
[0mCompiling "target/cljsbuild/public/js/app.js" from ["src/cljs" "src/cljc" "env/dev/cljs"]...[0m
[32mSuccessfully compiled "target/cljsbuild/public/js/app.js" in 0.766 seconds.[0m
notifying browser that file changed:  out/forum/handlers.js
[0mCompiling "target/cljsbuild/public/js/app.js" from ["src/cljs" "src/cljc" "env/dev/cljs"]...[0m
[32mSuccessfully compiled "target/cljsbuild/public/js/app.js" in 1.317 seconds.[0m
notifying browser that file changed:  out/forum/component.js
[0mCompiling "target/cljsbuild/public/js/app.js" from ["src/cljs" "src/cljc" "env/dev/cljs"]...[0m
[32mSuccessfully compiled "target/cljsbuild/public/js/app.js" in 0.89 seconds.[0m
notifying browser that file changed:  out/forum/handlers.js
[0mCompiling "target/cljsbuild/public/js/app.js" from ["src/cljs" "src/cljc" "env/dev/cljs"]...[0m
[32mSuccessfully compiled "target/cljsbuild/public/js/app.js" in 0.898 seconds.[0m
notifying browser that file changed:  out/forum/handlers.js
[0mCompiling "target/cljsbuild/public/js/app.js" from ["src/cljs" "src/cljc" "env/dev/cljs"]...[0m
[32mSuccessfully compiled "target/cljsbuild/public/js/app.js" in 0.801 seconds.[0m
notifying browser that file changed:  out/forum/handlers.js
[0mCompiling "target/cljsbuild/public/js/app.js" from ["src/cljs" "src/cljc" "env/dev/cljs"]...[0m
[32mSuccessfully compiled "target/cljsbuild/public/js/app.js" in 0.968 seconds.[0m
notifying browser that file changed:  out/forum/handlers.js
[0mCompiling "target/cljsbuild/public/js/app.js" from ["src/cljs" "src/cljc" "env/dev/cljs"]...[0m
[32mSuccessfully compiled "target/cljsbuild/public/js/app.js" in 0.941 seconds.[0m
notifying browser that file changed:  out/forum/core.js
[0mCompiling "target/cljsbuild/public/js/app.js" from ["src/cljs" "src/cljc" "env/dev/cljs"]...[0m
[32mSuccessfully compiled "target/cljsbuild/public/js/app.js" in 0.91 seconds.[0m
notifying browser that file changed:  out/forum/component.js
[0mCompiling "target/cljsbuild/public/js/app.js" from ["src/cljs" "src/cljc" "env/dev/cljs"]...[0m
[32mSuccessfully compiled "target/cljsbuild/public/js/app.js" in 0.911 seconds.[0m
notifying browser that file changed:  out/forum/component.js
[0mCompiling "target/cljsbuild/public/js/app.js" from ["src/cljs" "src/cljc" "env/dev/cljs"]...[0m
[32mSuccessfully compiled "target/cljsbuild/public/js/app.js" in 4.62 seconds.[0m
notifying browser that file changed:  target/cljsbuild/public/js/out/goog/deps.js
notifying browser that file changed:  target/cljsbuild/public/js/out/cljs_deps.js
notifying browser that file changed:  out/forum/component.js
[0mCompiling "target/cljsbuild/public/js/app.js" from ["src/cljs" "src/cljc" "env/dev/cljs"]...[0m
[32mSuccessfully compiled "target/cljsbuild/public/js/app.js" in 1.751 seconds.[0m
notifying browser that file changed:  out/forum/component.js
[0mCompiling "target/cljsbuild/public/js/app.js" from ["src/cljs" "src/cljc" "env/dev/cljs"]...[0m
[32mSuccessfully compiled "target/cljsbuild/public/js/app.js" in 1.419 seconds.[0m
notifying browser that file changed:  out/forum/handlers.js
[0mCompiling "target/cljsbuild/public/js/app.js" from ["src/cljs" "src/cljc" "env/dev/cljs"]...[0m
[32mSuccessfully compiled "target/cljsbuild/public/js/app.js" in 4.034 seconds.[0m
notifying browser that file changed:  out/forum/core.js
notifying browser that file changed:  out/forum/handlers.js
notifying browser that file changed:  out/forum/component.js
notifying browser that file changed:  out/forum/subscriptions.js
notifying browser that file changed:  out/forum/db.js
[0mCompiling "target/cljsbuild/public/js/app.js" from ["src/cljs" "src/cljc" "env/dev/cljs"]...[0m
[32mSuccessfully compiled "target/cljsbuild/public/js/app.js" in 4.833 seconds.[0m
notifying browser that file changed:  out/forum/handlers.js
[0mCompiling "target/cljsbuild/public/js/app.js" from ["src/cljs" "src/cljc" "env/dev/cljs"]...[0m
[32mSuccessfully compiled "target/cljsbuild/public/js/app.js" in 2.101 seconds.[0m
notifying browser that file changed:  out/forum/handlers.js
[0mCompiling "target/cljsbuild/public/js/app.js" from ["src/cljs" "src/cljc" "env/dev/cljs"]...[0m
[32mSuccessfully compiled "target/cljsbuild/public/js/app.js" in 2.043 seconds.[0m
notifying browser that file changed:  out/forum/handlers.js
[0mCompiling "target/cljsbuild/public/js/app.js" from ["src/cljs" "src/cljc" "env/dev/cljs"]...[0m
[32mSuccessfully compiled "target/cljsbuild/public/js/app.js" in 1.467 seconds.[0m
notifying browser that file changed:  target/cljsbuild/public/js/out/cljs_deps.js
notifying browser that file changed:  out/forum/handlers.js
[0mCompiling "target/cljsbuild/public/js/app.js" from ["src/cljs" "src/cljc" "env/dev/cljs"]...[0m
[32mSuccessfully compiled "target/cljsbuild/public/js/app.js" in 1.202 seconds.[0m
notifying browser that file changed:  out/forum/component.js
[0mCompiling "target/cljsbuild/public/js/app.js" from ["src/cljs" "src/cljc" "env/dev/cljs"]...[0m
[32mSuccessfully compiled "target/cljsbuild/public/js/app.js" in 1.17 seconds.[0m
notifying browser that file changed:  out/forum/component.js
[0mCompiling "target/cljsbuild/public/js/app.js" from ["src/cljs" "src/cljc" "env/dev/cljs"]...[0m
[32mSuccessfully compiled "target/cljsbuild/public/js/app.js" in 0.975 seconds.[0m
notifying browser that file changed:  out/forum/subscriptions.js
[0mCompiling "target/cljsbuild/public/js/app.js" from ["src/cljs" "src/cljc" "env/dev/cljs"]...[0m
[32mSuccessfully compiled "target/cljsbuild/public/js/app.js" in 1.372 seconds.[0m
notifying browser that file changed:  out/forum/component.js
[0mCompiling "target/cljsbuild/public/js/app.js" from ["src/cljs" "src/cljc" "env/dev/cljs"]...[0m
[32mSuccessfully compiled "target/cljsbuild/public/js/app.js" in 2.318 seconds.[0m
notifying browser that file changed:  out/forum/component.js
[0mCompiling "target/cljsbuild/public/js/app.js" from ["src/cljs" "src/cljc" "env/dev/cljs"]...[0m
[32mSuccessfully compiled "target/cljsbuild/public/js/app.js" in 0.78 seconds.[0m
[0mCompiling "target/cljsbuild/public/js/app.js" from ["src/cljs" "src/cljc" "env/dev/cljs"]...[0m
[32mSuccessfully compiled "target/cljsbuild/public/js/app.js" in 0.732 seconds.[0m
notifying browser that file changed:  target/cljsbuild/public/js/out/cljs_deps.js
notifying browser that file changed:  out/forum/util.js
[0mCompiling "target/cljsbuild/public/js/app.js" from ["src/cljs" "src/cljc" "env/dev/cljs"]...[0m
[36m----  Compiler Warning on   src/cljs/forum/component.cljs   line:155  column:36  ----[0m

  [1mUse of undeclared Var forum.util/kw-str[0m

  [36m151[0m  [36m        state (subscribe [:state-of-section] [section])][0m
  [36m152[0m  [36m    (fn [][0m
  [36m153[0m  [36m      [:div[0m
  [36m154[0m  [36m       [:a {:href (str  "/forum/" (u/kw->str @section) "/posts")} "list"][0m
  [33m155[0m  [1m       [:a {:href (str  "/forum/" (u/kw-str @section) "/posts")} "list"][0m
  [0m   [0m  [33m                                   ^--- Use of undeclared Var forum.util/kw-str[0m
  [36m156[0m  [36m       [:a {:href (str  "/forum/" (u/kw->str @section) "/posts")} "list"][0m
  [36m157[0m  [36m       ])))[0m
  [36m158[0m  [36m[0m
  [36m159[0m  [36m(defn which-section[0m
  [36m160[0m  [36m  [section][0m

[36m----  Compiler Warning : Please see src/cljs/forum/component.cljs  ----[0m
[32mSuccessfully compiled "target/cljsbuild/public/js/app.js" in 1.19 seconds.[0m
notifying browser that file changed:  target/cljsbuild/public/js/out/cljs_deps.js
notifying browser that file changed:  out/forum/component.js
[0mCompiling "target/cljsbuild/public/js/app.js" from ["src/cljs" "src/cljc" "env/dev/cljs"]...[0m
[36m----  Compiler Warning on   src/cljs/forum/component.cljs   line:155  column:36  ----[0m

  [1mUse of undeclared Var forum.util/kw-str[0m

  [36m151[0m  [36m        state (subscribe [:state-of-section] [section])][0m
  [36m152[0m  [36m    (fn [][0m
  [36m153[0m  [36m      [:div[0m
  [36m154[0m  [36m       [:a {:href (str  "/forum/" (u/kw->str @section) "/posts")} "list"][0m
  [33m155[0m  [1m       [:a {:href (str  "/forum/" (u/kw-str @section) "/post" )} "single"][0m
  [0m   [0m  [33m                                   ^--- Use of undeclared Var forum.util/kw-str[0m
  [36m156[0m  [36m       [:a {:href (str  "/forum/" (u/kw->str @section) "/new")} "new"][0m
  [36m157[0m  [36m       ])))[0m
  [36m158[0m  [36m[0m
  [36m159[0m  [36m(defn which-section[0m
  [36m160[0m  [36m  [section][0m

[36m----  Compiler Warning : Please see src/cljs/forum/component.cljs  ----[0m
[32mSuccessfully compiled "target/cljsbuild/public/js/app.js" in 1.281 seconds.[0m
notifying browser that file changed:  out/forum/component.js
[0mCompiling "target/cljsbuild/public/js/app.js" from ["src/cljs" "src/cljc" "env/dev/cljs"]...[0m
[32mSuccessfully compiled "target/cljsbuild/public/js/app.js" in 1.256 seconds.[0m
notifying browser that file changed:  out/forum/component.js
[0mCompiling "target/cljsbuild/public/js/app.js" from ["src/cljs" "src/cljc" "env/dev/cljs"]...[0m
[36m----  Compiler Warning on   src/cljs/forum/core.cljs   line:47  column:36  ----[0m

  [1mUse of undeclared Var forum.core/earth[0m

  [36m43[0m  [36m  (dispatch [:set-state-of-section (keyword section) :list]))[0m
  [36m44[0m  [36m[0m
  [36m45[0m  [36m(secretary/defroute "/forum/earth/new" [][0m
  [36m46[0m  [36m  (dispatch [:set-page :forum])[0m
  [33m47[0m  [1m  (dispatch [:set-section (keyword earth)])[0m
  [0m  [0m  [33m                                   ^--- Use of undeclared Var forum.core/earth[0m
  [36m48[0m  [36m  (dispatch [:set-state-of-section (keyword section) :new]))[0m
  [36m49[0m  [36m[0m
  [36m50[0m  [36m(secretary/defroute "/forum/:section/new" [section][0m
  [36m51[0m  [36m  (dispatch [:set-page :forum])[0m
  [36m52[0m  [36m  (dispatch [:set-section (keyword section)])[0m

[36m----  Compiler Warning : Please see src/cljs/forum/core.cljs  ----[0m
[36m----  Compiler Warning on   src/cljs/forum/core.cljs   line:48  column:45  ----[0m

  [1mUse of undeclared Var forum.core/section[0m

  [36m45[0m  [36m(secretary/defroute "/forum/earth/new" [][0m
  [36m46[0m  [36m  (dispatch [:set-page :forum])[0m
  [36m47[0m  [36m  (dispatch [:set-section (keyword earth)])[0m
  [33m48[0m  [1m  (dispatch [:set-state-of-section (keyword section) :new]))[0m
  [0m  [0m  [33m                                            ^--- Use of undeclared Var forum.core/section[0m
  [36m49[0m  [36m[0m
  [36m50[0m  [36m(secretary/defroute "/forum/:section/new" [section][0m
  [36m51[0m  [36m  (dispatch [:set-page :forum])[0m
  [36m52[0m  [36m  (dispatch [:set-section (keyword section)])[0m
  [36m53[0m  [36m  (dispatch [:set-state-of-section (keyword section) :new]))[0m

[36m----  Compiler Warning : Please see src/cljs/forum/core.cljs  ----[0m
[36m----  Compiler Warning on   src/cljs/forum/core.cljs   line:47  column:36  ----[0m

  [1mUse of undeclared Var forum.core/earth[0m

  [36m43[0m  [36m  (dispatch [:set-state-of-section (keyword section) :list]))[0m
  [36m44[0m  [36m[0m
  [36m45[0m  [36m(secretary/defroute "/forum/earth/new" [][0m
  [36m46[0m  [36m  (dispatch [:set-page :forum])[0m
  [33m47[0m  [1m  (dispatch [:set-section (keyword earth)])[0m
  [0m  [0m  [33m                                   ^--- Use of undeclared Var forum.core/earth[0m
  [36m48[0m  [36m  (dispatch [:set-state-of-section (keyword section) :new]))[0m
  [36m49[0m  [36m[0m
  [36m50[0m  [36m(secretary/defroute "/forum/:section/new" [section][0m
  [36m51[0m  [36m  (dispatch [:set-page :forum])[0m
  [36m52[0m  [36m  (dispatch [:set-section (keyword section)])[0m

[36m----  Compiler Warning : Please see src/cljs/forum/core.cljs  ----[0m
[36m----  Compiler Warning on   src/cljs/forum/core.cljs   line:48  column:45  ----[0m

  [1mUse of undeclared Var forum.core/section[0m

  [36m45[0m  [36m(secretary/defroute "/forum/earth/new" [][0m
  [36m46[0m  [36m  (dispatch [:set-page :forum])[0m
  [36m47[0m  [36m  (dispatch [:set-section (keyword earth)])[0m
  [33m48[0m  [1m  (dispatch [:set-state-of-section (keyword section) :new]))[0m
  [0m  [0m  [33m                                            ^--- Use of undeclared Var forum.core/section[0m
  [36m49[0m  [36m[0m
  [36m50[0m  [36m(secretary/defroute "/forum/:section/new" [section][0m
  [36m51[0m  [36m  (dispatch [:set-page :forum])[0m
  [36m52[0m  [36m  (dispatch [:set-section (keyword section)])[0m
  [36m53[0m  [36m  (dispatch [:set-state-of-section (keyword section) :new]))[0m

[36m----  Compiler Warning : Please see src/cljs/forum/core.cljs  ----[0m
[32mSuccessfully compiled "target/cljsbuild/public/js/app.js" in 1.105 seconds.[0m
notifying browser that file changed:  out/forum/core.js
[0mCompiling "target/cljsbuild/public/js/app.js" from ["src/cljs" "src/cljc" "env/dev/cljs"]...[0m
[36m----  Compiler Warning on   src/cljs/forum/core.cljs   line:48  column:45  ----[0m

  [1mUse of undeclared Var forum.core/section[0m

  [36m45[0m  [36m(secretary/defroute "/forum/earth/new" [][0m
  [36m46[0m  [36m  (dispatch [:set-page :forum])[0m
  [36m47[0m  [36m  (dispatch [:set-section (keyword "earth")])[0m
  [33m48[0m  [1m  (dispatch [:set-state-of-section (keyword section) :new]))[0m
  [0m  [0m  [33m                                            ^--- Use of undeclared Var forum.core/section[0m
  [36m49[0m  [36m[0m
  [36m50[0m  [36m(secretary/defroute "/forum/:section/new" [section][0m
  [36m51[0m  [36m  (dispatch [:set-page :forum])[0m
  [36m52[0m  [36m  (dispatch [:set-section (keyword section)])[0m
  [36m53[0m  [36m  (dispatch [:set-state-of-section (keyword section) :new]))[0m

[36m----  Compiler Warning : Please see src/cljs/forum/core.cljs  ----[0m
[36m----  Compiler Warning on   src/cljs/forum/core.cljs   line:48  column:45  ----[0m

  [1mUse of undeclared Var forum.core/section[0m

  [36m45[0m  [36m(secretary/defroute "/forum/earth/new" [][0m
  [36m46[0m  [36m  (dispatch [:set-page :forum])[0m
  [36m47[0m  [36m  (dispatch [:set-section (keyword "earth")])[0m
  [33m48[0m  [1m  (dispatch [:set-state-of-section (keyword section) :new]))[0m
  [0m  [0m  [33m                                            ^--- Use of undeclared Var forum.core/section[0m
  [36m49[0m  [36m[0m
  [36m50[0m  [36m(secretary/defroute "/forum/:section/new" [section][0m
  [36m51[0m  [36m  (dispatch [:set-page :forum])[0m
  [36m52[0m  [36m  (dispatch [:set-section (keyword section)])[0m
  [36m53[0m  [36m  (dispatch [:set-state-of-section (keyword section) :new]))[0m

[36m----  Compiler Warning : Please see src/cljs/forum/core.cljs  ----[0m
[32mSuccessfully compiled "target/cljsbuild/public/js/app.js" in 1.426 seconds.[0m
notifying browser that file changed:  out/forum/core.js
[0mCompiling "target/cljsbuild/public/js/app.js" from ["src/cljs" "src/cljc" "env/dev/cljs"]...[0m
[32mSuccessfully compiled "target/cljsbuild/public/js/app.js" in 0.957 seconds.[0m
notifying browser that file changed:  out/forum/core.js
[0mCompiling "target/cljsbuild/public/js/app.js" from ["src/cljs" "src/cljc" "env/dev/cljs"]...[0m
[32mSuccessfully compiled "target/cljsbuild/public/js/app.js" in 1.349 seconds.[0m
notifying browser that file changed:  out/forum/component.js
[0mCompiling "target/cljsbuild/public/js/app.js" from ["src/cljs" "src/cljc" "env/dev/cljs"]...[0m
[32mSuccessfully compiled "target/cljsbuild/public/js/app.js" in 1.355 seconds.[0m
notifying browser that file changed:  out/forum/component.js
[0mCompiling "target/cljsbuild/public/js/app.js" from ["src/cljs" "src/cljc" "env/dev/cljs"]...[0m
[32mSuccessfully compiled "target/cljsbuild/public/js/app.js" in 1.016 seconds.[0m
notifying browser that file changed:  out/forum/component.js
[0mCompiling "target/cljsbuild/public/js/app.js" from ["src/cljs" "src/cljc" "env/dev/cljs"]...[0m
[32mSuccessfully compiled "target/cljsbuild/public/js/app.js" in 1.02 seconds.[0m
notifying browser that file changed:  out/forum/component.js
[0mCompiling "target/cljsbuild/public/js/app.js" from ["src/cljs" "src/cljc" "env/dev/cljs"]...[0m
[32mSuccessfully compiled "target/cljsbuild/public/js/app.js" in 1.148 seconds.[0m
notifying browser that file changed:  out/forum/component.js
[0mCompiling "target/cljsbuild/public/js/app.js" from ["src/cljs" "src/cljc" "env/dev/cljs"]...[0m
[32mSuccessfully compiled "target/cljsbuild/public/js/app.js" in 0.983 seconds.[0m
notifying browser that file changed:  out/forum/component.js
[0mCompiling "target/cljsbuild/public/js/app.js" from ["src/cljs" "src/cljc" "env/dev/cljs"]...[0m
[32mSuccessfully compiled "target/cljsbuild/public/js/app.js" in 0.965 seconds.[0m
notifying browser that file changed:  out/forum/component.js
[0mCompiling "target/cljsbuild/public/js/app.js" from ["src/cljs" "src/cljc" "env/dev/cljs"]...[0m
[32mSuccessfully compiled "target/cljsbuild/public/js/app.js" in 0.926 seconds.[0m
notifying browser that file changed:  out/forum/component.js
[0mCompiling "target/cljsbuild/public/js/app.js" from ["src/cljs" "src/cljc" "env/dev/cljs"]...[0m
[31mFailed to compile "target/cljsbuild/public/js/app.js" in 0.451 seconds.[0m
[36m----  Could not Analyze  src/cljs/forum/component.cljs  ----[0m

  [1mNo such namespace: java.util.Date, could not locate java/util/Date.cljs, java/util/Date.cljc, or Closure namespace "java.util.Date" [0m

[36m----  Analysis Error : Please see src/cljs/forum/component.cljs  ----[0m
[0mCompiling "target/cljsbuild/public/js/app.js" from ["src/cljs" "src/cljc" "env/dev/cljs"]...[0m
[32mSuccessfully compiled "target/cljsbuild/public/js/app.js" in 1.052 seconds.[0m
notifying browser that file changed:  out/forum/component.js
[0mCompiling "target/cljsbuild/public/js/app.js" from ["src/cljs" "src/cljc" "env/dev/cljs"]...[0m
[32mSuccessfully compiled "target/cljsbuild/public/js/app.js" in 1.263 seconds.[0m
notifying browser that file changed:  target/cljsbuild/public/js/out/cljs_deps.js
notifying browser that file changed:  out/forum/core.js
notifying browser that file changed:  out/forum/handlers.js
notifying browser that file changed:  out/forum/component.js
[0mCompiling "target/cljsbuild/public/js/app.js" from ["src/cljs" "src/cljc" "env/dev/cljs"]...[0m
[32mSuccessfully compiled "target/cljsbuild/public/js/app.js" in 1.118 seconds.[0m
notifying browser that file changed:  out/forum/util.js
[0mCompiling "target/cljsbuild/public/js/app.js" from ["src/cljs" "src/cljc" "env/dev/cljs"]...[0m
[32mSuccessfully compiled "target/cljsbuild/public/js/app.js" in 2.283 seconds.[0m
notifying browser that file changed:  out/forum/handlers.js
[0mCompiling "target/cljsbuild/public/js/app.js" from ["src/cljs" "src/cljc" "env/dev/cljs"]...[0m
[32mSuccessfully compiled "target/cljsbuild/public/js/app.js" in 1.131 seconds.[0m
notifying browser that file changed:  out/forum/component.js
[0mCompiling "target/cljsbuild/public/js/app.js" from ["src/cljs" "src/cljc" "env/dev/cljs"]...[0m
[32mSuccessfully compiled "target/cljsbuild/public/js/app.js" in 0.985 seconds.[0m
notifying browser that file changed:  out/forum/handlers.js
[0mCompiling "target/cljsbuild/public/js/app.js" from ["src/cljs" "src/cljc" "env/dev/cljs"]...[0m
[32mSuccessfully compiled "target/cljsbuild/public/js/app.js" in 1.138 seconds.[0m
notifying browser that file changed:  out/forum/component.js
[0mCompiling "target/cljsbuild/public/js/app.js" from ["src/cljs" "src/cljc" "env/dev/cljs"]...[0m
[32mSuccessfully compiled "target/cljsbuild/public/js/app.js" in 0.974 seconds.[0m
notifying browser that file changed:  out/forum/component.js
[0mCompiling "target/cljsbuild/public/js/app.js" from ["src/cljs" "src/cljc" "env/dev/cljs"]...[0m
[32mSuccessfully compiled "target/cljsbuild/public/js/app.js" in 1.094 seconds.[0m
notifying browser that file changed:  out/forum/component.js
[0mCompiling "target/cljsbuild/public/js/app.js" from ["src/cljs" "src/cljc" "env/dev/cljs"]...[0m
[32mSuccessfully compiled "target/cljsbuild/public/js/app.js" in 0.869 seconds.[0m
notifying browser that file changed:  out/forum/handlers.js
[0mCompiling "target/cljsbuild/public/js/app.js" from ["src/cljs" "src/cljc" "env/dev/cljs"]...[0m
[32mSuccessfully compiled "target/cljsbuild/public/js/app.js" in 1.452 seconds.[0m
notifying browser that file changed:  out/forum/component.js
[0mCompiling "target/cljsbuild/public/js/app.js" from ["src/cljs" "src/cljc" "env/dev/cljs"]...[0m
[32mSuccessfully compiled "target/cljsbuild/public/js/app.js" in 0.839 seconds.[0m
notifying browser that file changed:  out/forum/component.js
[0mCompiling "target/cljsbuild/public/js/app.js" from ["src/cljs" "src/cljc" "env/dev/cljs"]...[0m
[32mSuccessfully compiled "target/cljsbuild/public/js/app.js" in 1.344 seconds.[0m
notifying browser that file changed:  out/forum/component.js
[0mCompiling "target/cljsbuild/public/js/app.js" from ["src/cljs" "src/cljc" "env/dev/cljs"]...[0m
[31mFailed to compile "target/cljsbuild/public/js/app.js" in 0.723 seconds.[0m
[36m----  Could not Analyze  src/cljs/forum/handlers.cljs  ----[0m

  [1mNo such namespace: day8.re-frame.http-fx, could not locate day8/re_frame/http_fx.cljs, day8/re_frame/http_fx.cljc, or Closure namespace "day8.re-frame.http-fx" [0m

[36m----  Analysis Error : Please see src/cljs/forum/handlers.cljs  ----[0m
[0mCompiling "target/cljsbuild/public/js/app.js" from ["src/cljs" "src/cljc" "env/dev/cljs"]...[0m
[31mFailed to compile "target/cljsbuild/public/js/app.js" in 0.863 seconds.[0m
[36m----  Could not Analyze  src/cljs/forum/handlers.cljs  ----[0m

  [1mNo such namespace: day8.re-frame.http-fx, could not locate day8/re_frame/http_fx.cljs, day8/re_frame/http_fx.cljc, or Closure namespace "day8.re-frame.http-fx" [0m

[36m----  Analysis Error : Please see src/cljs/forum/handlers.cljs  ----[0m
[0mCompiling "target/cljsbuild/public/js/app.js" from ["src/cljs" "src/cljc" "env/dev/cljs"]...[0m
[31mFailed to compile "target/cljsbuild/public/js/app.js" in 0.637 seconds.[0m
[36m----  Could not Analyze  src/cljs/forum/handlers.cljs  ----[0m

  [1mNo such namespace: day8.re-frame.http-fx, could not locate day8/re_frame/http_fx.cljs, day8/re_frame/http_fx.cljc, or Closure namespace "day8.re-frame.http-fx" [0m

[36m----  Analysis Error : Please see src/cljs/forum/handlers.cljs  ----[0m
[0mCompiling "target/cljsbuild/public/js/app.js" from ["src/cljs" "src/cljc" "env/dev/cljs"]...[0m
[31mFailed to compile "target/cljsbuild/public/js/app.js" in 1.545 seconds.[0m
[36m----  Could not Analyze  src/cljs/forum/handlers.cljs  ----[0m

  [1mNo such namespace: day8.re-frame.http-fx, could not locate day8/re_frame/http_fx.cljs, day8/re_frame/http_fx.cljc, or Closure namespace "day8.re-frame.http-fx" [0m

[36m----  Analysis Error : Please see src/cljs/forum/handlers.cljs  ----[0m
[0mCompiling "target/cljsbuild/public/js/app.js" from ["src/cljs" "src/cljc" "env/dev/cljs"]...[0m
[32mSuccessfully compiled "target/cljsbuild/public/js/app.js" in 1.685 seconds.[0m
notifying browser that file changed:  target/cljsbuild/public/js/out/goog/deps.js
notifying browser that file changed:  target/cljsbuild/public/js/out/cljs_deps.js
notifying browser that file changed:  out/forum/handlers.js
[0mCompiling "target/cljsbuild/public/js/app.js" from ["src/cljs" "src/cljc" "env/dev/cljs"]...[0m
[32mSuccessfully compiled "target/cljsbuild/public/js/app.js" in 1.853 seconds.[0m
notifying browser that file changed:  out/forum/handlers.js
[0mCompiling "target/cljsbuild/public/js/app.js" from ["src/cljs" "src/cljc" "env/dev/cljs"]...[0m
[32mSuccessfully compiled "target/cljsbuild/public/js/app.js" in 3.854 seconds.[0m
notifying browser that file changed:  out/forum/component.js
Notifyng browser that CSS file changed: resources/public/css/screen.css
[0mCompiling "target/cljsbuild/public/js/app.js" from ["src/cljs" "src/cljc" "env/dev/cljs"]...[0m
[32mSuccessfully compiled "target/cljsbuild/public/js/app.js" in 13.616 seconds.[0m
notifying browser that file changed:  out/forum/component.js
[0mCompiling "target/cljsbuild/public/js/app.js" from ["src/cljs" "src/cljc" "env/dev/cljs"]...[0m
[32mSuccessfully compiled "target/cljsbuild/public/js/app.js" in 1.756 seconds.[0m
notifying browser that file changed:  out/forum/component.js
[0mCompiling "target/cljsbuild/public/js/app.js" from ["src/cljs" "src/cljc" "env/dev/cljs"]...[0m
[32mSuccessfully compiled "target/cljsbuild/public/js/app.js" in 1.786 seconds.[0m
notifying browser that file changed:  out/forum/component.js
Notifyng browser that CSS file changed: resources/public/css/screen.css
[0mCompiling "target/cljsbuild/public/js/app.js" from ["src/cljs" "src/cljc" "env/dev/cljs"]...[0m
[32mSuccessfully compiled "target/cljsbuild/public/js/app.js" in 1.692 seconds.[0m
notifying browser that file changed:  out/forum/component.js
[0mCompiling "target/cljsbuild/public/js/app.js" from ["src/cljs" "src/cljc" "env/dev/cljs"]...[0m
[32mSuccessfully compiled "target/cljsbuild/public/js/app.js" in 3.475 seconds.[0m
notifying browser that file changed:  out/forum/component.js
[0mCompiling "target/cljsbuild/public/js/app.js" from ["src/cljs" "src/cljc" "env/dev/cljs"]...[0m
[32mSuccessfully compiled "target/cljsbuild/public/js/app.js" in 2.017 seconds.[0m
notifying browser that file changed:  out/forum/component.js
[0mCompiling "target/cljsbuild/public/js/app.js" from ["src/cljs" "src/cljc" "env/dev/cljs"]...[0m
[32mSuccessfully compiled "target/cljsbuild/public/js/app.js" in 1.671 seconds.[0m
notifying browser that file changed:  out/forum/component.js
[0mCompiling "target/cljsbuild/public/js/app.js" from ["src/cljs" "src/cljc" "env/dev/cljs"]...[0m
[32mSuccessfully compiled "target/cljsbuild/public/js/app.js" in 1.154 seconds.[0m
notifying browser that file changed:  out/forum/component.js
[0mCompiling "target/cljsbuild/public/js/app.js" from ["src/cljs" "src/cljc" "env/dev/cljs"]...[0m
[32mSuccessfully compiled "target/cljsbuild/public/js/app.js" in 2.374 seconds.[0m
notifying browser that file changed:  out/forum/component.js
Notifyng browser that CSS file changed: resources/public/css/screen.css
Notifyng browser that CSS file changed: resources/public/css/screen.css
[0mCompiling "target/cljsbuild/public/js/app.js" from ["src/cljs" "src/cljc" "env/dev/cljs"]...[0m
[32mSuccessfully compiled "target/cljsbuild/public/js/app.js" in 6.884 seconds.[0m
notifying browser that file changed:  out/forum/component.js
[0mCompiling "target/cljsbuild/public/js/app.js" from ["src/cljs" "src/cljc" "env/dev/cljs"]...[0m
[32mSuccessfully compiled "target/cljsbuild/public/js/app.js" in 8.147 seconds.[0m
notifying browser that file changed:  out/forum/component.js
Notifyng browser that CSS file changed: resources/public/css/screen.css
Notifyng browser that CSS file changed: resources/public/css/screen.css
Notifyng browser that CSS file changed: resources/public/css/screen.css
Notifyng browser that CSS file changed: resources/public/css/screen.css
[0mCompiling "target/cljsbuild/public/js/app.js" from ["src/cljs" "src/cljc" "env/dev/cljs"]...[0m
[32mSuccessfully compiled "target/cljsbuild/public/js/app.js" in 2.573 seconds.[0m
notifying browser that file changed:  out/forum/component.js
Notifyng browser that CSS file changed: resources/public/css/screen.css
[0mCompiling "target/cljsbuild/public/js/app.js" from ["src/cljs" "src/cljc" "env/dev/cljs"]...[0m
[32mSuccessfully compiled "target/cljsbuild/public/js/app.js" in 1.611 seconds.[0m
notifying browser that file changed:  out/forum/component.js
Notifyng browser that CSS file changed: resources/public/css/screen.css
Notifyng browser that CSS file changed: resources/public/css/screen.css
[0mCompiling "target/cljsbuild/public/js/app.js" from ["src/cljs" "src/cljc" "env/dev/cljs"]...[0m
[32mSuccessfully compiled "target/cljsbuild/public/js/app.js" in 1.894 seconds.[0m
notifying browser that file changed:  out/forum/component.js
[0mCompiling "target/cljsbuild/public/js/app.js" from ["src/cljs" "src/cljc" "env/dev/cljs"]...[0m
[32mSuccessfully compiled "target/cljsbuild/public/js/app.js" in 1.476 seconds.[0m
notifying browser that file changed:  out/forum/component.js
[0mCompiling "target/cljsbuild/public/js/app.js" from ["src/cljs" "src/cljc" "env/dev/cljs"]...[0m
[32mSuccessfully compiled "target/cljsbuild/public/js/app.js" in 1.891 seconds.[0m
notifying browser that file changed:  out/forum/component.js
[0mCompiling "target/cljsbuild/public/js/app.js" from ["src/cljs" "src/cljc" "env/dev/cljs"]...[0m
[32mSuccessfully compiled "target/cljsbuild/public/js/app.js" in 1.55 seconds.[0m
notifying browser that file changed:  out/forum/component.js
Notifyng browser that CSS file changed: resources/public/css/screen.css
[0mCompiling "target/cljsbuild/public/js/app.js" from ["src/cljs" "src/cljc" "env/dev/cljs"]...[0m
[32mSuccessfully compiled "target/cljsbuild/public/js/app.js" in 1.109 seconds.[0m
notifying browser that file changed:  out/forum/component.js
[0mCompiling "target/cljsbuild/public/js/app.js" from ["src/cljs" "src/cljc" "env/dev/cljs"]...[0m
[32mSuccessfully compiled "target/cljsbuild/public/js/app.js" in 2.864 seconds.[0m
notifying browser that file changed:  out/forum/component.js
[0mCompiling "target/cljsbuild/public/js/app.js" from ["src/cljs" "src/cljc" "env/dev/cljs"]...[0m
[32mSuccessfully compiled "target/cljsbuild/public/js/app.js" in 1.166 seconds.[0m
notifying browser that file changed:  out/forum/component.js
Notifyng browser that CSS file changed: resources/public/css/screen.css
Notifyng browser that CSS file changed: resources/public/css/screen.css
[0mCompiling "target/cljsbuild/public/js/app.js" from ["src/cljs" "src/cljc" "env/dev/cljs"]...[0m
[32mSuccessfully compiled "target/cljsbuild/public/js/app.js" in 2.189 seconds.[0m
notifying browser that file changed:  out/forum/component.js
[0mCompiling "target/cljsbuild/public/js/app.js" from ["src/cljs" "src/cljc" "env/dev/cljs"]...[0m
[32mSuccessfully compiled "target/cljsbuild/public/js/app.js" in 1.565 seconds.[0m
notifying browser that file changed:  out/forum/component.js
[0mCompiling "target/cljsbuild/public/js/app.js" from ["src/cljs" "src/cljc" "env/dev/cljs"]...[0m
[32mSuccessfully compiled "target/cljsbuild/public/js/app.js" in 1.682 seconds.[0m
notifying browser that file changed:  target/cljsbuild/public/js/out/cljs_deps.js
notifying browser that file changed:  out/forum/component.js
[0mCompiling "target/cljsbuild/public/js/app.js" from ["src/cljs" "src/cljc" "env/dev/cljs"]...[0m
[32mSuccessfully compiled "target/cljsbuild/public/js/app.js" in 1.24 seconds.[0m
notifying browser that file changed:  out/forum/component.js
[0mCompiling "target/cljsbuild/public/js/app.js" from ["src/cljs" "src/cljc" "env/dev/cljs"]...[0m
[32mSuccessfully compiled "target/cljsbuild/public/js/app.js" in 1.106 seconds.[0m
notifying browser that file changed:  out/forum/component.js
[0mCompiling "target/cljsbuild/public/js/app.js" from ["src/cljs" "src/cljc" "env/dev/cljs"]...[0m
[32mSuccessfully compiled "target/cljsbuild/public/js/app.js" in 1.279 seconds.[0m
notifying browser that file changed:  out/forum/component.js
[0mCompiling "target/cljsbuild/public/js/app.js" from ["src/cljs" "src/cljc" "env/dev/cljs"]...[0m
[31mFailed to compile "target/cljsbuild/public/js/app.js" in 0.918 seconds.[0m
[36m----  Could not Read  src/cljs/forum/component.cljs   line:178  column:7  ----[0m

  [1mEOF while reading, starting at line 178 and column 7[0m

  [36m176[0m  [36m    post (subscribe [:current-post-in-section] [section])][0m
  [36m177[0m  [36m(fn [][0m
  [33m178[0m  [1m  [:div.row.flex-items-xs-center.view-switcher[0m
  [0m   [0m  [33m  ^--- EOF while reading, starting at line 178 and column 7[0m
  [36m179[0m  [36m   [:div.col-xs-12.icon[0m
  [36m180[0m  [36m    [:a {:href (str  "#/forum/" (u/kw->str @section) "/posts")}[0m
  [36m181[0m  [36m     [:img {:src "/img/posts.svg"}]]][0m

[36m----  Reader Error : Please see src/cljs/forum/component.cljs  ----[0m
[0mCompiling "target/cljsbuild/public/js/app.js" from ["src/cljs" "src/cljc" "env/dev/cljs"]...[0m
[32mSuccessfully compiled "target/cljsbuild/public/js/app.js" in 1.358 seconds.[0m
notifying browser that file changed:  target/cljsbuild/public/js/out/cljs_deps.js
notifying browser that file changed:  out/forum/component.js
[0mCompiling "target/cljsbuild/public/js/app.js" from ["src/cljs" "src/cljc" "env/dev/cljs"]...[0m
[32mSuccessfully compiled "target/cljsbuild/public/js/app.js" in 1.46 seconds.[0m
notifying browser that file changed:  out/forum/component.js
[0mCompiling "target/cljsbuild/public/js/app.js" from ["src/cljs" "src/cljc" "env/dev/cljs"]...[0m
[32mSuccessfully compiled "target/cljsbuild/public/js/app.js" in 1.092 seconds.[0m
notifying browser that file changed:  out/forum/component.js
[0mCompiling "target/cljsbuild/public/js/app.js" from ["src/cljs" "src/cljc" "env/dev/cljs"]...[0m
[32mSuccessfully compiled "target/cljsbuild/public/js/app.js" in 0.973 seconds.[0m
notifying browser that file changed:  out/forum/component.js
[0mCompiling "target/cljsbuild/public/js/app.js" from ["src/cljs" "src/cljc" "env/dev/cljs"]...[0m
[32mSuccessfully compiled "target/cljsbuild/public/js/app.js" in 1.358 seconds.[0m
notifying browser that file changed:  out/forum/component.js
[0mCompiling "target/cljsbuild/public/js/app.js" from ["src/cljs" "src/cljc" "env/dev/cljs"]...[0m
[32mSuccessfully compiled "target/cljsbuild/public/js/app.js" in 1.434 seconds.[0m
notifying browser that file changed:  out/forum/component.js
[0mCompiling "target/cljsbuild/public/js/app.js" from ["src/cljs" "src/cljc" "env/dev/cljs"]...[0m
[32mSuccessfully compiled "target/cljsbuild/public/js/app.js" in 0.834 seconds.[0m
notifying browser that file changed:  out/forum/subscriptions.js
[0mCompiling "target/cljsbuild/public/js/app.js" from ["src/cljs" "src/cljc" "env/dev/cljs"]...[0m
[32mSuccessfully compiled "target/cljsbuild/public/js/app.js" in 1.54 seconds.[0m
notifying browser that file changed:  out/forum/component.js
[0mCompiling "target/cljsbuild/public/js/app.js" from ["src/cljs" "src/cljc" "env/dev/cljs"]...[0m
[32mSuccessfully compiled "target/cljsbuild/public/js/app.js" in 1.447 seconds.[0m
notifying browser that file changed:  out/forum/subscriptions.js
[0mCompiling "target/cljsbuild/public/js/app.js" from ["src/cljs" "src/cljc" "env/dev/cljs"]...[0m
[32mSuccessfully compiled "target/cljsbuild/public/js/app.js" in 1.338 seconds.[0m
notifying browser that file changed:  out/forum/component.js
[0mCompiling "target/cljsbuild/public/js/app.js" from ["src/cljs" "src/cljc" "env/dev/cljs"]...[0m
[31mFailed to compile "target/cljsbuild/public/js/app.js" in 0.734 seconds.[0m
[36m----  Could not Read  src/cljs/forum/subscriptions.cljs   line:40  column:1  ----[0m

  [1mEOF while reading, starting at line 40 and column 1[0m

  [36m38[0m  [36m       section)))[0m
  [36m39[0m  [36m[0m
  [33m40[0m  [1m(reg-sub[0m
  [0m  [0m  [33m^--- EOF while reading, starting at line 40 and column 1[0m
  [36m41[0m  [36m :state[0m
  [36m42[0m  [36m (fn [q d][0m
  [36m43[0m  [36m   (subscribe [d]))[0m

[36m----  Reader Error : Please see src/cljs/forum/subscriptions.cljs  ----[0m
[0mCompiling "target/cljsbuild/public/js/app.js" from ["src/cljs" "src/cljc" "env/dev/cljs"]...[0m
[36m----  Compiler Warning on   src/cljs/forum/subscriptions.cljs   line:45  column:8  ----[0m

  [1mUse of undeclared Var forum.subscriptions/db[0m

  [36m41[0m  [36m:state[0m
  [36m42[0m  [36m(fn [q d][0m
  [36m43[0m  [36m  (subscribe [d]))[0m
  [36m44[0m  [36m(fn [[section] [_]][0m
  [33m45[0m  [1m  (-> db :state-of-section section)))[0m
  [0m  [0m  [33m      ^--- Use of undeclared Var forum.subscriptions/db[0m
  [36m46[0m  [36m;; (fn [db _][0m
  [36m47[0m  [36m;;   (let [section (subscribe [:section])][0m
  [36m48[0m  [36m;;     (-> db[0m
  [36m49[0m  [36m;;         :state-of-section[0m
  [36m50[0m  [36m;;         @section))))[0m

[36m----  Compiler Warning : Please see src/cljs/forum/subscriptions.cljs  ----[0m
[32mSuccessfully compiled "target/cljsbuild/public/js/app.js" in 1.18 seconds.[0m
notifying browser that file changed:  out/forum/subscriptions.js
[0mCompiling "target/cljsbuild/public/js/app.js" from ["src/cljs" "src/cljc" "env/dev/cljs"]...[0m
[32mSuccessfully compiled "target/cljsbuild/public/js/app.js" in 2.293 seconds.[0m
notifying browser that file changed:  out/forum/subscriptions.js
[0mCompiling "target/cljsbuild/public/js/app.js" from ["src/cljs" "src/cljc" "env/dev/cljs"]...[0m
[32mSuccessfully compiled "target/cljsbuild/public/js/app.js" in 1.048 seconds.[0m
notifying browser that file changed:  out/forum/component.js
[0mCompiling "target/cljsbuild/public/js/app.js" from ["src/cljs" "src/cljc" "env/dev/cljs"]...[0m
[32mSuccessfully compiled "target/cljsbuild/public/js/app.js" in 0.83 seconds.[0m
notifying browser that file changed:  out/forum/subscriptions.js
[0mCompiling "target/cljsbuild/public/js/app.js" from ["src/cljs" "src/cljc" "env/dev/cljs"]...[0m
[32mSuccessfully compiled "target/cljsbuild/public/js/app.js" in 1.509 seconds.[0m
notifying browser that file changed:  out/forum/component.js
[0mCompiling "target/cljsbuild/public/js/app.js" from ["src/cljs" "src/cljc" "env/dev/cljs"]...[0m
[32mSuccessfully compiled "target/cljsbuild/public/js/app.js" in 1.136 seconds.[0m
notifying browser that file changed:  out/forum/subscriptions.js
[0mCompiling "target/cljsbuild/public/js/app.js" from ["src/cljs" "src/cljc" "env/dev/cljs"]...[0m
[32mSuccessfully compiled "target/cljsbuild/public/js/app.js" in 1.696 seconds.[0m
notifying browser that file changed:  out/forum/component.js
[0mCompiling "target/cljsbuild/public/js/app.js" from ["src/cljs" "src/cljc" "env/dev/cljs"]...[0m
[32mSuccessfully compiled "target/cljsbuild/public/js/app.js" in 0.973 seconds.[0m
notifying browser that file changed:  out/forum/subscriptions.js
[0mCompiling "target/cljsbuild/public/js/app.js" from ["src/cljs" "src/cljc" "env/dev/cljs"]...[0m
[32mSuccessfully compiled "target/cljsbuild/public/js/app.js" in 0.804 seconds.[0m
notifying browser that file changed:  out/forum/subscriptions.js
[0mCompiling "target/cljsbuild/public/js/app.js" from ["src/cljs" "src/cljc" "env/dev/cljs"]...[0m
[32mSuccessfully compiled "target/cljsbuild/public/js/app.js" in 1.077 seconds.[0m
notifying browser that file changed:  out/forum/subscriptions.js
[0mCompiling "target/cljsbuild/public/js/app.js" from ["src/cljs" "src/cljc" "env/dev/cljs"]...[0m
[32mSuccessfully compiled "target/cljsbuild/public/js/app.js" in 1.28 seconds.[0m
notifying browser that file changed:  out/forum/component.js
[0mCompiling "target/cljsbuild/public/js/app.js" from ["src/cljs" "src/cljc" "env/dev/cljs"]...[0m
[32mSuccessfully compiled "target/cljsbuild/public/js/app.js" in 1.151 seconds.[0m
notifying browser that file changed:  out/forum/component.js
Notifyng browser that CSS file changed: resources/public/css/screen.css
Notifyng browser that CSS file changed: resources/public/css/screen.css
[0mCompiling "target/cljsbuild/public/js/app.js" from ["src/cljs" "src/cljc" "env/dev/cljs"]...[0m
[32mSuccessfully compiled "target/cljsbuild/public/js/app.js" in 1.141 seconds.[0m
notifying browser that file changed:  out/forum/component.js
[0mCompiling "target/cljsbuild/public/js/app.js" from ["src/cljs" "src/cljc" "env/dev/cljs"]...[0m
[32mSuccessfully compiled "target/cljsbuild/public/js/app.js" in 0.801 seconds.[0m
notifying browser that file changed:  out/forum/subscriptions.js
[0mCompiling "target/cljsbuild/public/js/app.js" from ["src/cljs" "src/cljc" "env/dev/cljs"]...[0m
[32mSuccessfully compiled "target/cljsbuild/public/js/app.js" in 1.487 seconds.[0m
notifying browser that file changed:  out/forum/component.js
[0mCompiling "target/cljsbuild/public/js/app.js" from ["src/cljs" "src/cljc" "env/dev/cljs"]...[0m
[32mSuccessfully compiled "target/cljsbuild/public/js/app.js" in 0.806 seconds.[0m
notifying browser that file changed:  out/forum/subscriptions.js
[0mCompiling "target/cljsbuild/public/js/app.js" from ["src/cljs" "src/cljc" "env/dev/cljs"]...[0m
[32mSuccessfully compiled "target/cljsbuild/public/js/app.js" in 1.048 seconds.[0m
notifying browser that file changed:  out/forum/subscriptions.js
[0mCompiling "target/cljsbuild/public/js/app.js" from ["src/cljs" "src/cljc" "env/dev/cljs"]...[0m
[32mSuccessfully compiled "target/cljsbuild/public/js/app.js" in 1.687 seconds.[0m
notifying browser that file changed:  out/forum/component.js
[0mCompiling "target/cljsbuild/public/js/app.js" from ["src/cljs" "src/cljc" "env/dev/cljs"]...[0m
[32mSuccessfully compiled "target/cljsbuild/public/js/app.js" in 0.798 seconds.[0m
notifying browser that file changed:  out/forum/subscriptions.js
[0mCompiling "target/cljsbuild/public/js/app.js" from ["src/cljs" "src/cljc" "env/dev/cljs"]...[0m
[36m----  Compiler Warning on   src/cljs/forum/subscriptions.cljs   line:50  column:46  ----[0m

  [1mUse of undeclared Var forum.subscriptions/section[0m

  [36m46[0m  [36m (fn [q [section]][0m
  [36m47[0m  [36m   (print "in reg-sub: " section)[0m
  [36m48[0m  [36m   (subscribe [:states]))[0m
  [36m49[0m  [36m (fn [states [_] [input]][0m
  [33m50[0m  [1m   (print "in computation: " input ", sec: " section )[0m
  [0m  [0m  [33m                                             ^--- Use of undeclared Var forum.subscriptions/section[0m
  [36m51[0m  [36m   (input states)))[0m
  [36m52[0m  [36m;; (reg-sub[0m
  [36m53[0m  [36m;;  :state[0m
  [36m54[0m  [36m;;  (fn [q [section]][0m
  [36m55[0m  [36m;;    (print "in reg-sub: " section)[0m

[36m----  Compiler Warning : Please see src/cljs/forum/subscriptions.cljs  ----[0m
[32mSuccessfully compiled "target/cljsbuild/public/js/app.js" in 1.3 seconds.[0m
notifying browser that file changed:  out/forum/subscriptions.js
[0mCompiling "target/cljsbuild/public/js/app.js" from ["src/cljs" "src/cljc" "env/dev/cljs"]...[0m
[32mSuccessfully compiled "target/cljsbuild/public/js/app.js" in 1.01 seconds.[0m
notifying browser that file changed:  out/forum/subscriptions.js
[0mCompiling "target/cljsbuild/public/js/app.js" from ["src/cljs" "src/cljc" "env/dev/cljs"]...[0m
[32mSuccessfully compiled "target/cljsbuild/public/js/app.js" in 1.472 seconds.[0m
notifying browser that file changed:  out/forum/component.js
[0mCompiling "target/cljsbuild/public/js/app.js" from ["src/cljs" "src/cljc" "env/dev/cljs"]...[0m
[32mSuccessfully compiled "target/cljsbuild/public/js/app.js" in 1.052 seconds.[0m
notifying browser that file changed:  out/forum/component.js
[0mCompiling "target/cljsbuild/public/js/app.js" from ["src/cljs" "src/cljc" "env/dev/cljs"]...[0m
[32mSuccessfully compiled "target/cljsbuild/public/js/app.js" in 0.947 seconds.[0m
notifying browser that file changed:  out/forum/component.js
[0mCompiling "target/cljsbuild/public/js/app.js" from ["src/cljs" "src/cljc" "env/dev/cljs"]...[0m
[32mSuccessfully compiled "target/cljsbuild/public/js/app.js" in 1.389 seconds.[0m
notifying browser that file changed:  out/forum/component.js
[0mCompiling "target/cljsbuild/public/js/app.js" from ["src/cljs" "src/cljc" "env/dev/cljs"]...[0m
[32mSuccessfully compiled "target/cljsbuild/public/js/app.js" in 0.999 seconds.[0m
notifying browser that file changed:  out/forum/component.js
[0mCompiling "target/cljsbuild/public/js/app.js" from ["src/cljs" "src/cljc" "env/dev/cljs"]...[0m
[32mSuccessfully compiled "target/cljsbuild/public/js/app.js" in 0.928 seconds.[0m
notifying browser that file changed:  out/forum/handlers.js
[0mCompiling "target/cljsbuild/public/js/app.js" from ["src/cljs" "src/cljc" "env/dev/cljs"]...[0m
[32mSuccessfully compiled "target/cljsbuild/public/js/app.js" in 1.342 seconds.[0m
notifying browser that file changed:  out/forum/component.js
[0mCompiling "target/cljsbuild/public/js/app.js" from ["src/cljs" "src/cljc" "env/dev/cljs"]...[0m
[32mSuccessfully compiled "target/cljsbuild/public/js/app.js" in 1.215 seconds.[0m
notifying browser that file changed:  out/forum/handlers.js
[0mCompiling "target/cljsbuild/public/js/app.js" from ["src/cljs" "src/cljc" "env/dev/cljs"]...[0m
[32mSuccessfully compiled "target/cljsbuild/public/js/app.js" in 0.942 seconds.[0m
notifying browser that file changed:  out/forum/handlers.js
[0mCompiling "target/cljsbuild/public/js/app.js" from ["src/cljs" "src/cljc" "env/dev/cljs"]...[0m
[32mSuccessfully compiled "target/cljsbuild/public/js/app.js" in 1.09 seconds.[0m
notifying browser that file changed:  out/forum/handlers.js
notifying browser that file changed:  out/forum/component.js
notifying browser that file changed:  out/forum/subscriptions.js
[0mCompiling "target/cljsbuild/public/js/app.js" from ["src/cljs" "src/cljc" "env/dev/cljs"]...[0m
[32mSuccessfully compiled "target/cljsbuild/public/js/app.js" in 0.876 seconds.[0m
notifying browser that file changed:  out/forum/handlers.js
[0mCompiling "target/cljsbuild/public/js/app.js" from ["src/cljs" "src/cljc" "env/dev/cljs"]...[0m
[32mSuccessfully compiled "target/cljsbuild/public/js/app.js" in 0.94 seconds.[0m
notifying browser that file changed:  out/forum/subscriptions.js
[0mCompiling "target/cljsbuild/public/js/app.js" from ["src/cljs" "src/cljc" "env/dev/cljs"]...[0m
[32mSuccessfully compiled "target/cljsbuild/public/js/app.js" in 1.047 seconds.[0m
notifying browser that file changed:  out/forum/subscriptions.js
[0mCompiling "target/cljsbuild/public/js/app.js" from ["src/cljs" "src/cljc" "env/dev/cljs"]...[0m
[32mSuccessfully compiled "target/cljsbuild/public/js/app.js" in 0.887 seconds.[0m
notifying browser that file changed:  out/forum/component.js
[0mCompiling "target/cljsbuild/public/js/app.js" from ["src/cljs" "src/cljc" "env/dev/cljs"]...[0m
[32mSuccessfully compiled "target/cljsbuild/public/js/app.js" in 1.825 seconds.[0m
notifying browser that file changed:  out/forum/handlers.js
[0mCompiling "target/cljsbuild/public/js/app.js" from ["src/cljs" "src/cljc" "env/dev/cljs"]...[0m
[36m----  Compiler Warning on   src/cljs/forum/handlers.cljs   line:189  column:38  ----[0m

  [1mUse of undeclared Var forum.handlers/minus-fail[0m

  [36m185[0m  [36m (fn [db [_ x y]][0m
  [36m186[0m  [36m   (POST "/api/minus"[0m
  [36m187[0m  [36m         {:params {:x x :y y}[0m
  [36m188[0m  [36m          :handler #(dispatch [:minus-end %])[0m
  [33m189[0m  [1m          :error-handler #(dispatch [minus-fail %])})[0m
  [0m   [0m  [33m                                     ^--- Use of undeclared Var forum.handlers/minus-fail[0m
  [36m190[0m  [36m   db))[0m
  [36m191[0m  [36m(reg-event-db[0m
  [36m192[0m  [36m :minus-end[0m
  [36m193[0m  [36m (fn [db [result]][0m
  [36m194[0m  [36m   (assoc db :minus result)))[0m

[36m----  Compiler Warning : Please see src/cljs/forum/handlers.cljs  ----[0m
[32mSuccessfully compiled "target/cljsbuild/public/js/app.js" in 2.047 seconds.[0m
notifying browser that file changed:  out/forum/handlers.js
[0mCompiling "target/cljsbuild/public/js/app.js" from ["src/cljs" "src/cljc" "env/dev/cljs"]...[0m
[32mSuccessfully compiled "target/cljsbuild/public/js/app.js" in 0.922 seconds.[0m
notifying browser that file changed:  out/forum/handlers.js
[0mCompiling "target/cljsbuild/public/js/app.js" from ["src/cljs" "src/cljc" "env/dev/cljs"]...[0m
[32mSuccessfully compiled "target/cljsbuild/public/js/app.js" in 1.119 seconds.[0m
notifying browser that file changed:  out/forum/handlers.js
[0mCompiling "target/cljsbuild/public/js/app.js" from ["src/cljs" "src/cljc" "env/dev/cljs"]...[0m
[32mSuccessfully compiled "target/cljsbuild/public/js/app.js" in 0.85 seconds.[0m
notifying browser that file changed:  out/forum/handlers.js
[0mCompiling "target/cljsbuild/public/js/app.js" from ["src/cljs" "src/cljc" "env/dev/cljs"]...[0m
[32mSuccessfully compiled "target/cljsbuild/public/js/app.js" in 0.887 seconds.[0m
notifying browser that file changed:  out/forum/handlers.js
[0mCompiling "target/cljsbuild/public/js/app.js" from ["src/cljs" "src/cljc" "env/dev/cljs"]...[0m
[32mSuccessfully compiled "target/cljsbuild/public/js/app.js" in 0.833 seconds.[0m
notifying browser that file changed:  out/forum/handlers.js
[0mCompiling "target/cljsbuild/public/js/app.js" from ["src/cljs" "src/cljc" "env/dev/cljs"]...[0m
[32mSuccessfully compiled "target/cljsbuild/public/js/app.js" in 0.858 seconds.[0m
notifying browser that file changed:  out/forum/handlers.js
[0mCompiling "target/cljsbuild/public/js/app.js" from ["src/cljs" "src/cljc" "env/dev/cljs"]...[0m
[32mSuccessfully compiled "target/cljsbuild/public/js/app.js" in 0.899 seconds.[0m
notifying browser that file changed:  out/forum/handlers.js
[0mCompiling "target/cljsbuild/public/js/app.js" from ["src/cljs" "src/cljc" "env/dev/cljs"]...[0m
[32mSuccessfully compiled "target/cljsbuild/public/js/app.js" in 1.167 seconds.[0m
notifying browser that file changed:  out/forum/handlers.js
[0mCompiling "target/cljsbuild/public/js/app.js" from ["src/cljs" "src/cljc" "env/dev/cljs"]...[0m
[32mSuccessfully compiled "target/cljsbuild/public/js/app.js" in 0.923 seconds.[0m
notifying browser that file changed:  out/forum/handlers.js
[0mCompiling "target/cljsbuild/public/js/app.js" from ["src/cljs" "src/cljc" "env/dev/cljs"]...[0m
[32mSuccessfully compiled "target/cljsbuild/public/js/app.js" in 0.874 seconds.[0m
notifying browser that file changed:  out/forum/handlers.js
[0mCompiling "target/cljsbuild/public/js/app.js" from ["src/cljs" "src/cljc" "env/dev/cljs"]...[0m
[32mSuccessfully compiled "target/cljsbuild/public/js/app.js" in 0.965 seconds.[0m
notifying browser that file changed:  out/forum/component.js
[0mCompiling "target/cljsbuild/public/js/app.js" from ["src/cljs" "src/cljc" "env/dev/cljs"]...[0m
[32mSuccessfully compiled "target/cljsbuild/public/js/app.js" in 1.261 seconds.[0m
notifying browser that file changed:  out/forum/handlers.js
[0mCompiling "target/cljsbuild/public/js/app.js" from ["src/cljs" "src/cljc" "env/dev/cljs"]...[0m
[32mSuccessfully compiled "target/cljsbuild/public/js/app.js" in 2.218 seconds.[0m
notifying browser that file changed:  out/forum/component.js
[0mCompiling "target/cljsbuild/public/js/app.js" from ["src/cljs" "src/cljc" "env/dev/cljs"]...[0m
[32mSuccessfully compiled "target/cljsbuild/public/js/app.js" in 2.178 seconds.[0m
notifying browser that file changed:  out/forum/component.js
[0mCompiling "target/cljsbuild/public/js/app.js" from ["src/cljs" "src/cljc" "env/dev/cljs"]...[0m
[32mSuccessfully compiled "target/cljsbuild/public/js/app.js" in 1.374 seconds.[0m
notifying browser that file changed:  out/forum/handlers.js
[0mCompiling "target/cljsbuild/public/js/app.js" from ["src/cljs" "src/cljc" "env/dev/cljs"]...[0m
[32mSuccessfully compiled "target/cljsbuild/public/js/app.js" in 0.888 seconds.[0m
notifying browser that file changed:  out/forum/handlers.js
[0mCompiling "target/cljsbuild/public/js/app.js" from ["src/cljs" "src/cljc" "env/dev/cljs"]...[0m
[32mSuccessfully compiled "target/cljsbuild/public/js/app.js" in 1.051 seconds.[0m
notifying browser that file changed:  out/forum/component.js
[0mCompiling "target/cljsbuild/public/js/app.js" from ["src/cljs" "src/cljc" "env/dev/cljs"]...[0m
[32mSuccessfully compiled "target/cljsbuild/public/js/app.js" in 2.114 seconds.[0m
notifying browser that file changed:  out/forum/handlers.js
[0mCompiling "target/cljsbuild/public/js/app.js" from ["src/cljs" "src/cljc" "env/dev/cljs"]...[0m
[36m----  Compiler Warning on   src/cljs/forum/handlers.cljs   line:133  column:37  ----[0m

  [1mUse of undeclared Var forum.util/k->s[0m

  [36m129[0m  [36m    :http-xhrio {:method :get[0m
  [36m130[0m  [36m                 :uri "/api/post"[0m
  [36m131[0m  [36m                 :timeout 8000[0m
  [36m132[0m  [36m                 :response-format (ajax/json-response-format {:keywords? true})[0m
  [33m133[0m  [1m                 :params {:section (u/k->s  section)}[0m
  [0m   [0m  [33m                                    ^--- Use of undeclared Var forum.util/k->s[0m
  [36m134[0m  [36m                 :on-success [:fetch-posts-success section][0m
  [36m135[0m  [36m                 :on-failure [:fetch-posts-failure section]}}))[0m
  [36m136[0m  [36m[0m
  [36m137[0m  [36m(reg-event-db[0m
  [36m138[0m  [36m :fetch-posts-start[0m

[36m----  Compiler Warning : Please see src/cljs/forum/handlers.cljs  ----[0m
[32mSuccessfully compiled "target/cljsbuild/public/js/app.js" in 1.362 seconds.[0m
notifying browser that file changed:  target/cljsbuild/public/js/out/goog/deps.js
notifying browser that file changed:  target/cljsbuild/public/js/out/cljs_deps.js
notifying browser that file changed:  out/forum/handlers.js
[0mCompiling "target/cljsbuild/public/js/app.js" from ["src/cljs" "src/cljc" "env/dev/cljs"]...[0m
[32mSuccessfully compiled "target/cljsbuild/public/js/app.js" in 1.872 seconds.[0m
notifying browser that file changed:  out/forum/util.js
[0mCompiling "target/cljsbuild/public/js/app.js" from ["src/cljs" "src/cljc" "env/dev/cljs"]...[0m
[32mSuccessfully compiled "target/cljsbuild/public/js/app.js" in 3.023 seconds.[0m
notifying browser that file changed:  out/forum/handlers.js
[0mCompiling "target/cljsbuild/public/js/app.js" from ["src/cljs" "src/cljc" "env/dev/cljs"]...[0m
[36m----  Compiler Warning on   src/cljs/forum/handlers.cljs   line:133  column:37  ----[0m

  [1mUse of undeclared Var forum.handlers/k->s[0m

  [36m129[0m  [36m    :http-xhrio {:method :get[0m
  [36m130[0m  [36m                 :uri "/api/post"[0m
  [36m131[0m  [36m                 :timeout 8000[0m
  [36m132[0m  [36m                 :response-format (ajax/json-response-format {:keywords? true})[0m
  [33m133[0m  [1m                 :params {:section (k->s section)}[0m
  [0m   [0m  [33m                                    ^--- Use of undeclared Var forum.handlers/k->s[0m
  [36m134[0m  [36m                 :on-success [:fetch-posts-success section][0m
  [36m135[0m  [36m                 :on-failure [:fetch-posts-failure section]}}))[0m
  [36m136[0m  [36m[0m
  [36m137[0m  [36m(reg-event-db[0m
  [36m138[0m  [36m :fetch-posts-start[0m

[36m----  Compiler Warning : Please see src/cljs/forum/handlers.cljs  ----[0m
[32mSuccessfully compiled "target/cljsbuild/public/js/app.js" in 2.075 seconds.[0m
notifying browser that file changed:  out/forum/handlers.js
Figwheel: Can't open  ("src/cljs/forum/handlers.cljs" 133 37) No :open-file-command supplied in the config.
[0mCompiling "target/cljsbuild/public/js/app.js" from ["src/cljs" "src/cljc" "env/dev/cljs"]...[0m
[32mSuccessfully compiled "target/cljsbuild/public/js/app.js" in 1.369 seconds.[0m
notifying browser that file changed:  out/forum/handlers.js
[0mCompiling "target/cljsbuild/public/js/app.js" from ["src/cljs" "src/cljc" "env/dev/cljs"]...[0m
[32mSuccessfully compiled "target/cljsbuild/public/js/app.js" in 2.739 seconds.[0m
notifying browser that file changed:  out/forum/component.js
[0mCompiling "target/cljsbuild/public/js/app.js" from ["src/cljs" "src/cljc" "env/dev/cljs"]...[0m
[32mSuccessfully compiled "target/cljsbuild/public/js/app.js" in 1.181 seconds.[0m
notifying browser that file changed:  out/forum/component.js
[0mCompiling "target/cljsbuild/public/js/app.js" from ["src/cljs" "src/cljc" "env/dev/cljs"]...[0m
[32mSuccessfully compiled "target/cljsbuild/public/js/app.js" in 1.624 seconds.[0m
notifying browser that file changed:  out/forum/component.js
Notifyng browser that CSS file changed: resources/public/css/screen.css
[0mCompiling "target/cljsbuild/public/js/app.js" from ["src/cljs" "src/cljc" "env/dev/cljs"]...[0m
[32mSuccessfully compiled "target/cljsbuild/public/js/app.js" in 2.652 seconds.[0m
notifying browser that file changed:  out/forum/component.js
[0mCompiling "target/cljsbuild/public/js/app.js" from ["src/cljs" "src/cljc" "env/dev/cljs"]...[0m
[32mSuccessfully compiled "target/cljsbuild/public/js/app.js" in 1.328 seconds.[0m
notifying browser that file changed:  out/forum/component.js
Notifyng browser that CSS file changed: resources/public/css/screen.css
[0mCompiling "target/cljsbuild/public/js/app.js" from ["src/cljs" "src/cljc" "env/dev/cljs"]...[0m
[32mSuccessfully compiled "target/cljsbuild/public/js/app.js" in 1.437 seconds.[0m
notifying browser that file changed:  out/forum/component.js
[0mCompiling "target/cljsbuild/public/js/app.js" from ["src/cljs" "src/cljc" "env/dev/cljs"]...[0m
[32mSuccessfully compiled "target/cljsbuild/public/js/app.js" in 2.245 seconds.[0m
notifying browser that file changed:  out/forum/handlers.js
notifying browser that file changed:  out/forum/component.js
Notifyng browser that CSS file changed: resources/public/css/screen.css
[0mCompiling "target/cljsbuild/public/js/app.js" from ["src/cljs" "src/cljc" "env/dev/cljs"]...[0m
[32mSuccessfully compiled "target/cljsbuild/public/js/app.js" in 1.369 seconds.[0m
notifying browser that file changed:  out/forum/handlers.js
[0mCompiling "target/cljsbuild/public/js/app.js" from ["src/cljs" "src/cljc" "env/dev/cljs"]...[0m
[32mSuccessfully compiled "target/cljsbuild/public/js/app.js" in 1.409 seconds.[0m
notifying browser that file changed:  out/forum/handlers.js
[0mCompiling "target/cljsbuild/public/js/app.js" from ["src/cljs" "src/cljc" "env/dev/cljs"]...[0m
[32mSuccessfully compiled "target/cljsbuild/public/js/app.js" in 1.693 seconds.[0m
notifying browser that file changed:  out/forum/component.js
Notifyng browser that CSS file changed: resources/public/css/screen.css
[0mCompiling "target/cljsbuild/public/js/app.js" from ["src/cljs" "src/cljc" "env/dev/cljs"]...[0m
[32mSuccessfully compiled "target/cljsbuild/public/js/app.js" in 1.657 seconds.[0m
notifying browser that file changed:  out/forum/component.js
[0mCompiling "target/cljsbuild/public/js/app.js" from ["src/cljs" "src/cljc" "env/dev/cljs"]...[0m
[32mSuccessfully compiled "target/cljsbuild/public/js/app.js" in 1.306 seconds.[0m
notifying browser that file changed:  out/forum/subscriptions.js
[0mCompiling "target/cljsbuild/public/js/app.js" from ["src/cljs" "src/cljc" "env/dev/cljs"]...[0m
[32mSuccessfully compiled "target/cljsbuild/public/js/app.js" in 1.884 seconds.[0m
notifying browser that file changed:  out/forum/component.js
[0mCompiling "target/cljsbuild/public/js/app.js" from ["src/cljs" "src/cljc" "env/dev/cljs"]...[0m
[32mSuccessfully compiled "target/cljsbuild/public/js/app.js" in 1.585 seconds.[0m
notifying browser that file changed:  out/forum/component.js
[0mCompiling "target/cljsbuild/public/js/app.js" from ["src/cljs" "src/cljc" "env/dev/cljs"]...[0m
[32mSuccessfully compiled "target/cljsbuild/public/js/app.js" in 1.412 seconds.[0m
notifying browser that file changed:  out/forum/handlers.js
[0mCompiling "target/cljsbuild/public/js/app.js" from ["src/cljs" "src/cljc" "env/dev/cljs"]...[0m
[32mSuccessfully compiled "target/cljsbuild/public/js/app.js" in 1.383 seconds.[0m
notifying browser that file changed:  out/forum/component.js
[0mCompiling "target/cljsbuild/public/js/app.js" from ["src/cljs" "src/cljc" "env/dev/cljs"]...[0m
[31mFailed to compile "target/cljsbuild/public/js/app.js" in 0.89 seconds.[0m
[36m----  Could not Analyze  src/cljs/forum/handlers.cljs   line:164  column:130  ----[0m

  [1mToo few arguments to if at line 164 /Users/dumeng/projects/clojure/forum/src/cljs/forum/handlers.cljs[0m

  [36m162[0m  [36m       (assoc-in [:fetching-posts-in-section section] false)[0m
  [36m163[0m  [36m       (assoc-in [:posts-in-section section]  posts)[0m
  [33m164[0m  [1m       ((fn [d] (if-let [id (-> db :current-post-in-section section :_id)] (assoc-in d [:current-post-in-section section] (some #(if (= id (:_id %) %)) posts)))) )[0m
  [0m   [0m  [33m                                                                                                                                 ^--- Too few arguments to if at line 164 /Users/dumeng/projects/clojure/forum/src/cljs/forum/handlers.cljs[0m
  [36m165[0m  [36m       )))[0m
  [36m166[0m  [36m[0m
  [36m167[0m  [36m(reg-event-db[0m

[36m----  Analysis Error : Please see src/cljs/forum/handlers.cljs  ----[0m
[0mCompiling "target/cljsbuild/public/js/app.js" from ["src/cljs" "src/cljc" "env/dev/cljs"]...[0m
[32mSuccessfully compiled "target/cljsbuild/public/js/app.js" in 1.318 seconds.[0m
notifying browser that file changed:  out/forum/handlers.js
[0mCompiling "target/cljsbuild/public/js/app.js" from ["src/cljs" "src/cljc" "env/dev/cljs"]...[0m
[32mSuccessfully compiled "target/cljsbuild/public/js/app.js" in 2.627 seconds.[0m
notifying browser that file changed:  out/forum/db.js
Notifyng browser that CSS file changed: resources/public/css/screen.css
[0mCompiling "target/cljsbuild/public/js/app.js" from ["src/cljs" "src/cljc" "env/dev/cljs"]...[0m
[32mSuccessfully compiled "target/cljsbuild/public/js/app.js" in 1.862 seconds.[0m
notifying browser that file changed:  out/forum/component.js
[0mCompiling "target/cljsbuild/public/js/app.js" from ["src/cljs" "src/cljc" "env/dev/cljs"]...[0m
[31mFailed to compile "target/cljsbuild/public/js/app.js" in 0.899 seconds.[0m
[36m----  Could not Analyze  src/cljs/forum/component.cljs  ----[0m

  [1mNo such namespace: cljsjs.tether, could not locate cljsjs/tether.cljs, cljsjs/tether.cljc, or Closure namespace "cljsjs.tether" [0m

[36m----  Analysis Error : Please see src/cljs/forum/component.cljs  ----[0m
[0mCompiling "target/cljsbuild/public/js/app.js" from ["src/cljs" "src/cljc" "env/dev/cljs"]...[0m
[32mSuccessfully compiled "target/cljsbuild/public/js/app.js" in 1.701 seconds.[0m
notifying browser that file changed:  target/cljsbuild/public/js/out/goog/deps.js
notifying browser that file changed:  target/cljsbuild/public/js/out/cljs_deps.js
notifying browser that file changed:  out/forum/component.js
[0mCompiling "target/cljsbuild/public/js/app.js" from ["src/cljs" "src/cljc" "env/dev/cljs"]...[0m
[32mSuccessfully compiled "target/cljsbuild/public/js/app.js" in 1.973 seconds.[0m
notifying browser that file changed:  out/forum/component.js
[0mCompiling "target/cljsbuild/public/js/app.js" from ["src/cljs" "src/cljc" "env/dev/cljs"]...[0m
[32mSuccessfully compiled "target/cljsbuild/public/js/app.js" in 1.782 seconds.[0m
notifying browser that file changed:  out/forum/component.js
[0mCompiling "target/cljsbuild/public/js/app.js" from ["src/cljs" "src/cljc" "env/dev/cljs"]...[0m
[32mSuccessfully compiled "target/cljsbuild/public/js/app.js" in 1.827 seconds.[0m
notifying browser that file changed:  out/forum/component.js
[0mCompiling "target/cljsbuild/public/js/app.js" from ["src/cljs" "src/cljc" "env/dev/cljs"]...[0m
[32mSuccessfully compiled "target/cljsbuild/public/js/app.js" in 1.593 seconds.[0m
notifying browser that file changed:  out/forum/component.js
[0mCompiling "target/cljsbuild/public/js/app.js" from ["src/cljs" "src/cljc" "env/dev/cljs"]...[0m
[32mSuccessfully compiled "target/cljsbuild/public/js/app.js" in 2.706 seconds.[0m
notifying browser that file changed:  out/forum/component.js
[0mCompiling "target/cljsbuild/public/js/app.js" from ["src/cljs" "src/cljc" "env/dev/cljs"]...[0m
[32mSuccessfully compiled "target/cljsbuild/public/js/app.js" in 1.941 seconds.[0m
notifying browser that file changed:  out/forum/component.js
[0mCompiling "target/cljsbuild/public/js/app.js" from ["src/cljs" "src/cljc" "env/dev/cljs"]...[0m
[32mSuccessfully compiled "target/cljsbuild/public/js/app.js" in 1.831 seconds.[0m
notifying browser that file changed:  out/forum/component.js
